mode: set
github.com/go-park-mail-ru/2022_1_VVT-i-2.0/internal/app/restaurants/repository/repository.go:13.55,15.2 1 1
github.com/go-park-mail-ru/2022_1_VVT-i-2.0/internal/app/restaurants/repository/repository.go:17.77,20.13 3 1
github.com/go-park-mail-ru/2022_1_VVT-i-2.0/internal/app/restaurants/repository/repository.go:21.11,23.42 2 1
github.com/go-park-mail-ru/2022_1_VVT-i-2.0/internal/app/restaurants/repository/repository.go:26.3,26.20 1 1
github.com/go-park-mail-ru/2022_1_VVT-i-2.0/internal/app/restaurants/repository/repository.go:27.10,28.68 1 1
github.com/go-park-mail-ru/2022_1_VVT-i-2.0/internal/app/restaurants/repository/repository.go:23.42,25.4 1 1
github.com/go-park-mail-ru/2022_1_VVT-i-2.0/internal/app/restaurants/repository/repository.go:32.133,35.13 3 1
github.com/go-park-mail-ru/2022_1_VVT-i-2.0/internal/app/restaurants/repository/repository.go:36.11,38.42 2 1
github.com/go-park-mail-ru/2022_1_VVT-i-2.0/internal/app/restaurants/repository/repository.go:41.3,41.20 1 1
github.com/go-park-mail-ru/2022_1_VVT-i-2.0/internal/app/restaurants/repository/repository.go:42.10,43.68 1 1
github.com/go-park-mail-ru/2022_1_VVT-i-2.0/internal/app/restaurants/repository/repository.go:38.42,40.4 1 1
github.com/go-park-mail-ru/2022_1_VVT-i-2.0/internal/app/restaurants/repository/repository.go:47.135,50.27 3 1
github.com/go-park-mail-ru/2022_1_VVT-i-2.0/internal/app/restaurants/repository/repository.go:53.2,53.13 1 1
github.com/go-park-mail-ru/2022_1_VVT-i-2.0/internal/app/restaurants/repository/repository.go:50.27,52.3 1 0
github.com/go-park-mail-ru/2022_1_VVT-i-2.0/internal/app/restaurants/repository/repository.go:54.11,56.42 2 1
github.com/go-park-mail-ru/2022_1_VVT-i-2.0/internal/app/restaurants/repository/repository.go:59.3,59.20 1 1
github.com/go-park-mail-ru/2022_1_VVT-i-2.0/internal/app/restaurants/repository/repository.go:60.10,61.68 1 0
github.com/go-park-mail-ru/2022_1_VVT-i-2.0/internal/app/restaurants/repository/repository.go:56.42,58.4 1 1
