mode: set
github.com/go-park-mail-ru/2022_1_VVT-i-2.0/internal/microservices/auth/repository/repository.go:15.41,17.2 1 1
github.com/go-park-mail-ru/2022_1_VVT-i-2.0/internal/microservices/auth/repository/repository.go:19.98,22.13 3 1
github.com/go-park-mail-ru/2022_1_VVT-i-2.0/internal/microservices/auth/repository/repository.go:23.11,24.19 1 1
github.com/go-park-mail-ru/2022_1_VVT-i-2.0/internal/microservices/auth/repository/repository.go:25.21,26.80 1 1
github.com/go-park-mail-ru/2022_1_VVT-i-2.0/internal/microservices/auth/repository/repository.go:27.10,28.68 1 1
github.com/go-park-mail-ru/2022_1_VVT-i-2.0/internal/microservices/auth/repository/repository.go:32.90,36.16 3 1
github.com/go-park-mail-ru/2022_1_VVT-i-2.0/internal/microservices/auth/repository/repository.go:42.2,42.17 1 1
github.com/go-park-mail-ru/2022_1_VVT-i-2.0/internal/microservices/auth/repository/repository.go:45.2,45.18 1 1
github.com/go-park-mail-ru/2022_1_VVT-i-2.0/internal/microservices/auth/repository/repository.go:36.16,37.53 1 1
github.com/go-park-mail-ru/2022_1_VVT-i-2.0/internal/microservices/auth/repository/repository.go:40.3,40.69 1 1
github.com/go-park-mail-ru/2022_1_VVT-i-2.0/internal/microservices/auth/repository/repository.go:37.53,39.4 1 0
github.com/go-park-mail-ru/2022_1_VVT-i-2.0/internal/microservices/auth/repository/repository.go:42.17,44.3 1 0
github.com/go-park-mail-ru/2022_1_VVT-i-2.0/internal/microservices/auth/repository/repository.go:48.104,51.13 3 1
github.com/go-park-mail-ru/2022_1_VVT-i-2.0/internal/microservices/auth/repository/repository.go:52.11,53.61 1 1
github.com/go-park-mail-ru/2022_1_VVT-i-2.0/internal/microservices/auth/repository/repository.go:54.21,55.62 1 1
github.com/go-park-mail-ru/2022_1_VVT-i-2.0/internal/microservices/auth/repository/repository.go:56.10,57.112 1 1
