mode: set
github.com/go-park-mail-ru/2022_1_VVT-i-2.0/internal/app/dishes/delivery/http/handler.go:23.103,28.2 1 0
github.com/go-park-mail-ru/2022_1_VVT-i-2.0/internal/app/dishes/delivery/http/handler.go:38.71,43.16 4 0
github.com/go-park-mail-ru/2022_1_VVT-i-2.0/internal/app/dishes/delivery/http/handler.go:47.2,49.16 2 0
github.com/go-park-mail-ru/2022_1_VVT-i-2.0/internal/app/dishes/delivery/http/handler.go:58.2,58.29 1 0
github.com/go-park-mail-ru/2022_1_VVT-i-2.0/internal/app/dishes/delivery/http/handler.go:63.2,64.39 2 0
github.com/go-park-mail-ru/2022_1_VVT-i-2.0/internal/app/dishes/delivery/http/handler.go:67.2,79.47 2 0
github.com/go-park-mail-ru/2022_1_VVT-i-2.0/internal/app/dishes/delivery/http/handler.go:92.2,94.44 3 0
github.com/go-park-mail-ru/2022_1_VVT-i-2.0/internal/app/dishes/delivery/http/handler.go:43.16,45.3 1 0
github.com/go-park-mail-ru/2022_1_VVT-i-2.0/internal/app/dishes/delivery/http/handler.go:49.16,51.68 2 0
github.com/go-park-mail-ru/2022_1_VVT-i-2.0/internal/app/dishes/delivery/http/handler.go:54.3,55.99 2 0
github.com/go-park-mail-ru/2022_1_VVT-i-2.0/internal/app/dishes/delivery/http/handler.go:51.68,53.4 1 0
github.com/go-park-mail-ru/2022_1_VVT-i-2.0/internal/app/dishes/delivery/http/handler.go:58.29,61.3 2 0
github.com/go-park-mail-ru/2022_1_VVT-i-2.0/internal/app/dishes/delivery/http/handler.go:64.39,66.3 1 0
github.com/go-park-mail-ru/2022_1_VVT-i-2.0/internal/app/dishes/delivery/http/handler.go:79.47,90.3 1 0
github.com/go-park-mail-ru/2022_1_VVT-i-2.0/internal/app/dishes/mock/repository.go:12.113,13.20 1 1
github.com/go-park-mail-ru/2022_1_VVT-i-2.0/internal/app/dishes/mock/repository.go:16.2,25.32 1 1
github.com/go-park-mail-ru/2022_1_VVT-i-2.0/internal/app/dishes/mock/repository.go:13.20,15.3 1 0
github.com/go-park-mail-ru/2022_1_VVT-i-2.0/internal/app/dishes/mock/repository.go:28.126,29.17 1 1
github.com/go-park-mail-ru/2022_1_VVT-i-2.0/internal/app/dishes/mock/repository.go:32.2,32.211 1 1
github.com/go-park-mail-ru/2022_1_VVT-i-2.0/internal/app/dishes/mock/repository.go:29.17,31.3 1 0
github.com/go-park-mail-ru/2022_1_VVT-i-2.0/internal/app/dishes/mock/ucase.go:13.129,14.20 1 0
github.com/go-park-mail-ru/2022_1_VVT-i-2.0/internal/app/dishes/mock/ucase.go:18.2,29.8 1 0
github.com/go-park-mail-ru/2022_1_VVT-i-2.0/internal/app/dishes/mock/ucase.go:14.20,16.3 1 0
github.com/go-park-mail-ru/2022_1_VVT-i-2.0/internal/app/dishes/mock/ucase.go:36.132,38.2 1 0
github.com/go-park-mail-ru/2022_1_VVT-i-2.0/internal/app/dishes/repository/repository.go:15.45,17.2 1 0
github.com/go-park-mail-ru/2022_1_VVT-i-2.0/internal/app/dishes/repository/repository.go:19.113,22.13 3 0
github.com/go-park-mail-ru/2022_1_VVT-i-2.0/internal/app/dishes/repository/repository.go:23.11,24.25 1 0
github.com/go-park-mail-ru/2022_1_VVT-i-2.0/internal/app/dishes/repository/repository.go:25.21,26.80 1 0
github.com/go-park-mail-ru/2022_1_VVT-i-2.0/internal/app/dishes/repository/repository.go:27.10,28.68 1 0
github.com/go-park-mail-ru/2022_1_VVT-i-2.0/internal/app/dishes/repository/repository.go:32.128,35.13 3 0
github.com/go-park-mail-ru/2022_1_VVT-i-2.0/internal/app/dishes/repository/repository.go:36.11,38.31 2 0
github.com/go-park-mail-ru/2022_1_VVT-i-2.0/internal/app/dishes/repository/repository.go:41.3,41.19 1 0
github.com/go-park-mail-ru/2022_1_VVT-i-2.0/internal/app/dishes/repository/repository.go:42.21,43.80 1 0
github.com/go-park-mail-ru/2022_1_VVT-i-2.0/internal/app/dishes/repository/repository.go:44.10,45.68 1 0
github.com/go-park-mail-ru/2022_1_VVT-i-2.0/internal/app/dishes/repository/repository.go:38.31,40.4 1 0
github.com/go-park-mail-ru/2022_1_VVT-i-2.0/internal/app/dishes/ucase/ucase.go:13.73,17.2 1 1
github.com/go-park-mail-ru/2022_1_VVT-i-2.0/internal/app/dishes/ucase/ucase.go:19.131,21.16 2 1
github.com/go-park-mail-ru/2022_1_VVT-i-2.0/internal/app/dishes/ucase/ucase.go:24.2,25.16 2 1
github.com/go-park-mail-ru/2022_1_VVT-i-2.0/internal/app/dishes/ucase/ucase.go:29.2,42.37 2 1
github.com/go-park-mail-ru/2022_1_VVT-i-2.0/internal/app/dishes/ucase/ucase.go:46.2,46.18 1 1
github.com/go-park-mail-ru/2022_1_VVT-i-2.0/internal/app/dishes/ucase/ucase.go:21.16,23.3 1 0
github.com/go-park-mail-ru/2022_1_VVT-i-2.0/internal/app/dishes/ucase/ucase.go:25.16,27.3 1 0
github.com/go-park-mail-ru/2022_1_VVT-i-2.0/internal/app/dishes/ucase/ucase.go:42.37,44.3 1 1
github.com/go-park-mail-ru/2022_1_VVT-i-2.0/internal/app/dishes/mock/repository.go:12.113,13.20 1 0
github.com/go-park-mail-ru/2022_1_VVT-i-2.0/internal/app/dishes/mock/repository.go:16.2,25.32 1 0
github.com/go-park-mail-ru/2022_1_VVT-i-2.0/internal/app/dishes/mock/repository.go:13.20,15.3 1 0
github.com/go-park-mail-ru/2022_1_VVT-i-2.0/internal/app/dishes/mock/repository.go:28.126,29.17 1 0
github.com/go-park-mail-ru/2022_1_VVT-i-2.0/internal/app/dishes/mock/repository.go:32.2,32.211 1 0
github.com/go-park-mail-ru/2022_1_VVT-i-2.0/internal/app/dishes/mock/repository.go:29.17,31.3 1 0
github.com/go-park-mail-ru/2022_1_VVT-i-2.0/internal/app/dishes/mock/ucase.go:13.129,14.20 1 0
github.com/go-park-mail-ru/2022_1_VVT-i-2.0/internal/app/dishes/mock/ucase.go:18.2,29.8 1 0
github.com/go-park-mail-ru/2022_1_VVT-i-2.0/internal/app/dishes/mock/ucase.go:14.20,16.3 1 0
github.com/go-park-mail-ru/2022_1_VVT-i-2.0/internal/app/dishes/mock/ucase.go:36.132,38.2 1 0
github.com/go-park-mail-ru/2022_1_VVT-i-2.0/internal/app/dishes/ucase/ucase.go:13.73,17.2 1 0
github.com/go-park-mail-ru/2022_1_VVT-i-2.0/internal/app/dishes/ucase/ucase.go:19.131,21.16 2 0
github.com/go-park-mail-ru/2022_1_VVT-i-2.0/internal/app/dishes/ucase/ucase.go:24.2,25.16 2 0
github.com/go-park-mail-ru/2022_1_VVT-i-2.0/internal/app/dishes/ucase/ucase.go:29.2,42.37 2 0
github.com/go-park-mail-ru/2022_1_VVT-i-2.0/internal/app/dishes/ucase/ucase.go:46.2,46.18 1 0
github.com/go-park-mail-ru/2022_1_VVT-i-2.0/internal/app/dishes/ucase/ucase.go:21.16,23.3 1 0
github.com/go-park-mail-ru/2022_1_VVT-i-2.0/internal/app/dishes/ucase/ucase.go:25.16,27.3 1 0
github.com/go-park-mail-ru/2022_1_VVT-i-2.0/internal/app/dishes/ucase/ucase.go:42.37,44.3 1 0
github.com/go-park-mail-ru/2022_1_VVT-i-2.0/internal/app/dishes/repository/repository.go:15.45,17.2 1 0
github.com/go-park-mail-ru/2022_1_VVT-i-2.0/internal/app/dishes/repository/repository.go:19.113,22.13 3 1
github.com/go-park-mail-ru/2022_1_VVT-i-2.0/internal/app/dishes/repository/repository.go:23.11,24.25 1 1
github.com/go-park-mail-ru/2022_1_VVT-i-2.0/internal/app/dishes/repository/repository.go:25.21,26.80 1 1
github.com/go-park-mail-ru/2022_1_VVT-i-2.0/internal/app/dishes/repository/repository.go:27.10,28.68 1 1
github.com/go-park-mail-ru/2022_1_VVT-i-2.0/internal/app/dishes/repository/repository.go:32.128,35.13 3 1
github.com/go-park-mail-ru/2022_1_VVT-i-2.0/internal/app/dishes/repository/repository.go:36.11,38.31 2 1
github.com/go-park-mail-ru/2022_1_VVT-i-2.0/internal/app/dishes/repository/repository.go:41.3,41.19 1 1
github.com/go-park-mail-ru/2022_1_VVT-i-2.0/internal/app/dishes/repository/repository.go:42.21,43.80 1 1
github.com/go-park-mail-ru/2022_1_VVT-i-2.0/internal/app/dishes/repository/repository.go:44.10,45.68 1 1
github.com/go-park-mail-ru/2022_1_VVT-i-2.0/internal/app/dishes/repository/repository.go:38.31,40.4 1 1
github.com/go-park-mail-ru/2022_1_VVT-i-2.0/internal/app/dishes/delivery/http/handler.go:23.103,28.2 1 0
github.com/go-park-mail-ru/2022_1_VVT-i-2.0/internal/app/dishes/delivery/http/handler.go:38.71,43.16 4 0
github.com/go-park-mail-ru/2022_1_VVT-i-2.0/internal/app/dishes/delivery/http/handler.go:47.2,49.16 2 0
github.com/go-park-mail-ru/2022_1_VVT-i-2.0/internal/app/dishes/delivery/http/handler.go:58.2,58.29 1 0
github.com/go-park-mail-ru/2022_1_VVT-i-2.0/internal/app/dishes/delivery/http/handler.go:63.2,64.39 2 0
github.com/go-park-mail-ru/2022_1_VVT-i-2.0/internal/app/dishes/delivery/http/handler.go:67.2,79.47 2 0
github.com/go-park-mail-ru/2022_1_VVT-i-2.0/internal/app/dishes/delivery/http/handler.go:92.2,94.44 3 0
github.com/go-park-mail-ru/2022_1_VVT-i-2.0/internal/app/dishes/delivery/http/handler.go:43.16,45.3 1 0
github.com/go-park-mail-ru/2022_1_VVT-i-2.0/internal/app/dishes/delivery/http/handler.go:49.16,51.68 2 0
github.com/go-park-mail-ru/2022_1_VVT-i-2.0/internal/app/dishes/delivery/http/handler.go:54.3,55.99 2 0
github.com/go-park-mail-ru/2022_1_VVT-i-2.0/internal/app/dishes/delivery/http/handler.go:51.68,53.4 1 0
github.com/go-park-mail-ru/2022_1_VVT-i-2.0/internal/app/dishes/delivery/http/handler.go:58.29,61.3 2 0
github.com/go-park-mail-ru/2022_1_VVT-i-2.0/internal/app/dishes/delivery/http/handler.go:64.39,66.3 1 0
github.com/go-park-mail-ru/2022_1_VVT-i-2.0/internal/app/dishes/delivery/http/handler.go:79.47,90.3 1 0
github.com/go-park-mail-ru/2022_1_VVT-i-2.0/internal/app/dishes/repository/repository.go:15.45,17.2 1 0
github.com/go-park-mail-ru/2022_1_VVT-i-2.0/internal/app/dishes/repository/repository.go:19.113,22.13 3 0
github.com/go-park-mail-ru/2022_1_VVT-i-2.0/internal/app/dishes/repository/repository.go:23.11,24.25 1 0
github.com/go-park-mail-ru/2022_1_VVT-i-2.0/internal/app/dishes/repository/repository.go:25.21,26.80 1 0
github.com/go-park-mail-ru/2022_1_VVT-i-2.0/internal/app/dishes/repository/repository.go:27.10,28.68 1 0
github.com/go-park-mail-ru/2022_1_VVT-i-2.0/internal/app/dishes/repository/repository.go:32.128,35.13 3 0
github.com/go-park-mail-ru/2022_1_VVT-i-2.0/internal/app/dishes/repository/repository.go:36.11,38.31 2 0
github.com/go-park-mail-ru/2022_1_VVT-i-2.0/internal/app/dishes/repository/repository.go:41.3,41.19 1 0
github.com/go-park-mail-ru/2022_1_VVT-i-2.0/internal/app/dishes/repository/repository.go:42.21,43.80 1 0
github.com/go-park-mail-ru/2022_1_VVT-i-2.0/internal/app/dishes/repository/repository.go:44.10,45.68 1 0
github.com/go-park-mail-ru/2022_1_VVT-i-2.0/internal/app/dishes/repository/repository.go:38.31,40.4 1 0
github.com/go-park-mail-ru/2022_1_VVT-i-2.0/internal/app/dishes/ucase/ucase.go:13.73,17.2 1 0
github.com/go-park-mail-ru/2022_1_VVT-i-2.0/internal/app/dishes/ucase/ucase.go:19.131,21.16 2 0
github.com/go-park-mail-ru/2022_1_VVT-i-2.0/internal/app/dishes/ucase/ucase.go:24.2,25.16 2 0
github.com/go-park-mail-ru/2022_1_VVT-i-2.0/internal/app/dishes/ucase/ucase.go:29.2,42.37 2 0
github.com/go-park-mail-ru/2022_1_VVT-i-2.0/internal/app/dishes/ucase/ucase.go:46.2,46.18 1 0
github.com/go-park-mail-ru/2022_1_VVT-i-2.0/internal/app/dishes/ucase/ucase.go:21.16,23.3 1 0
github.com/go-park-mail-ru/2022_1_VVT-i-2.0/internal/app/dishes/ucase/ucase.go:25.16,27.3 1 0
github.com/go-park-mail-ru/2022_1_VVT-i-2.0/internal/app/dishes/ucase/ucase.go:42.37,44.3 1 0
github.com/go-park-mail-ru/2022_1_VVT-i-2.0/internal/app/dishes/delivery/http/handler.go:23.103,28.2 1 1
github.com/go-park-mail-ru/2022_1_VVT-i-2.0/internal/app/dishes/delivery/http/handler.go:38.71,43.16 4 1
github.com/go-park-mail-ru/2022_1_VVT-i-2.0/internal/app/dishes/delivery/http/handler.go:47.2,49.16 2 1
github.com/go-park-mail-ru/2022_1_VVT-i-2.0/internal/app/dishes/delivery/http/handler.go:58.2,58.29 1 1
github.com/go-park-mail-ru/2022_1_VVT-i-2.0/internal/app/dishes/delivery/http/handler.go:63.2,64.39 2 1
github.com/go-park-mail-ru/2022_1_VVT-i-2.0/internal/app/dishes/delivery/http/handler.go:67.2,79.47 2 1
github.com/go-park-mail-ru/2022_1_VVT-i-2.0/internal/app/dishes/delivery/http/handler.go:92.2,94.44 3 1
github.com/go-park-mail-ru/2022_1_VVT-i-2.0/internal/app/dishes/delivery/http/handler.go:43.16,45.3 1 1
github.com/go-park-mail-ru/2022_1_VVT-i-2.0/internal/app/dishes/delivery/http/handler.go:49.16,51.68 2 1
github.com/go-park-mail-ru/2022_1_VVT-i-2.0/internal/app/dishes/delivery/http/handler.go:54.3,55.99 2 1
github.com/go-park-mail-ru/2022_1_VVT-i-2.0/internal/app/dishes/delivery/http/handler.go:51.68,53.4 1 0
github.com/go-park-mail-ru/2022_1_VVT-i-2.0/internal/app/dishes/delivery/http/handler.go:58.29,61.3 2 0
github.com/go-park-mail-ru/2022_1_VVT-i-2.0/internal/app/dishes/delivery/http/handler.go:64.39,66.3 1 1
github.com/go-park-mail-ru/2022_1_VVT-i-2.0/internal/app/dishes/delivery/http/handler.go:79.47,90.3 1 1
github.com/go-park-mail-ru/2022_1_VVT-i-2.0/internal/app/dishes/mock/repository.go:12.113,13.20 1 0
github.com/go-park-mail-ru/2022_1_VVT-i-2.0/internal/app/dishes/mock/repository.go:16.2,25.32 1 0
github.com/go-park-mail-ru/2022_1_VVT-i-2.0/internal/app/dishes/mock/repository.go:13.20,15.3 1 0
github.com/go-park-mail-ru/2022_1_VVT-i-2.0/internal/app/dishes/mock/repository.go:28.126,29.17 1 0
github.com/go-park-mail-ru/2022_1_VVT-i-2.0/internal/app/dishes/mock/repository.go:32.2,32.211 1 0
github.com/go-park-mail-ru/2022_1_VVT-i-2.0/internal/app/dishes/mock/repository.go:29.17,31.3 1 0
github.com/go-park-mail-ru/2022_1_VVT-i-2.0/internal/app/dishes/mock/ucase.go:13.129,14.20 1 1
github.com/go-park-mail-ru/2022_1_VVT-i-2.0/internal/app/dishes/mock/ucase.go:18.2,29.8 1 1
github.com/go-park-mail-ru/2022_1_VVT-i-2.0/internal/app/dishes/mock/ucase.go:14.20,16.3 1 0
github.com/go-park-mail-ru/2022_1_VVT-i-2.0/internal/app/dishes/mock/ucase.go:36.132,38.2 1 1
