mode: set
github.com/go-park-mail-ru/2022_1_VVT-i-2.0/internal/app/user/usecase/usecase.go:33.155,40.2 1 1
github.com/go-park-mail-ru/2022_1_VVT-i-2.0/internal/app/user/usecase/usecase.go:42.94,44.16 2 1
github.com/go-park-mail-ru/2022_1_VVT-i-2.0/internal/app/user/usecase/usecase.go:47.2,47.79 1 1
github.com/go-park-mail-ru/2022_1_VVT-i-2.0/internal/app/user/usecase/usecase.go:44.16,46.3 1 0
github.com/go-park-mail-ru/2022_1_VVT-i-2.0/internal/app/user/usecase/usecase.go:50.91,52.16 2 1
github.com/go-park-mail-ru/2022_1_VVT-i-2.0/internal/app/user/usecase/usecase.go:55.2,55.159 1 1
github.com/go-park-mail-ru/2022_1_VVT-i-2.0/internal/app/user/usecase/usecase.go:52.16,54.3 1 0
github.com/go-park-mail-ru/2022_1_VVT-i-2.0/internal/app/user/usecase/usecase.go:58.85,60.16 2 1
github.com/go-park-mail-ru/2022_1_VVT-i-2.0/internal/app/user/usecase/usecase.go:63.2,63.159 1 1
github.com/go-park-mail-ru/2022_1_VVT-i-2.0/internal/app/user/usecase/usecase.go:60.16,62.3 1 0
github.com/go-park-mail-ru/2022_1_VVT-i-2.0/internal/app/user/usecase/usecase.go:66.78,68.16 2 1
github.com/go-park-mail-ru/2022_1_VVT-i-2.0/internal/app/user/usecase/usecase.go:71.2,77.8 1 1
github.com/go-park-mail-ru/2022_1_VVT-i-2.0/internal/app/user/usecase/usecase.go:68.16,70.3 1 0
github.com/go-park-mail-ru/2022_1_VVT-i-2.0/internal/app/user/usecase/usecase.go:80.96,83.30 3 1
github.com/go-park-mail-ru/2022_1_VVT-i-2.0/internal/app/user/usecase/usecase.go:89.2,90.16 2 1
github.com/go-park-mail-ru/2022_1_VVT-i-2.0/internal/app/user/usecase/usecase.go:96.2,96.20 1 1
github.com/go-park-mail-ru/2022_1_VVT-i-2.0/internal/app/user/usecase/usecase.go:105.2,111.8 1 1
github.com/go-park-mail-ru/2022_1_VVT-i-2.0/internal/app/user/usecase/usecase.go:83.30,85.17 2 0
github.com/go-park-mail-ru/2022_1_VVT-i-2.0/internal/app/user/usecase/usecase.go:85.17,87.4 1 0
github.com/go-park-mail-ru/2022_1_VVT-i-2.0/internal/app/user/usecase/usecase.go:90.16,91.26 1 0
github.com/go-park-mail-ru/2022_1_VVT-i-2.0/internal/app/user/usecase/usecase.go:94.3,94.54 1 0
github.com/go-park-mail-ru/2022_1_VVT-i-2.0/internal/app/user/usecase/usecase.go:91.26,93.4 1 0
github.com/go-park-mail-ru/2022_1_VVT-i-2.0/internal/app/user/usecase/usecase.go:96.20,97.26 1 0
github.com/go-park-mail-ru/2022_1_VVT-i-2.0/internal/app/user/usecase/usecase.go:100.3,101.17 2 0
github.com/go-park-mail-ru/2022_1_VVT-i-2.0/internal/app/user/usecase/usecase.go:97.26,99.4 1 0
github.com/go-park-mail-ru/2022_1_VVT-i-2.0/internal/app/user/usecase/usecase.go:101.17,103.4 1 0
github.com/go-park-mail-ru/2022_1_VVT-i-2.0/internal/app/user/usecase/usecase.go:114.69,116.16 2 0
github.com/go-park-mail-ru/2022_1_VVT-i-2.0/internal/app/user/usecase/usecase.go:120.2,121.26 2 0
github.com/go-park-mail-ru/2022_1_VVT-i-2.0/internal/app/user/usecase/usecase.go:128.2,128.22 1 0
github.com/go-park-mail-ru/2022_1_VVT-i-2.0/internal/app/user/usecase/usecase.go:132.2,133.16 2 0
github.com/go-park-mail-ru/2022_1_VVT-i-2.0/internal/app/user/usecase/usecase.go:137.2,137.24 1 0
github.com/go-park-mail-ru/2022_1_VVT-i-2.0/internal/app/user/usecase/usecase.go:116.16,118.3 1 0
github.com/go-park-mail-ru/2022_1_VVT-i-2.0/internal/app/user/usecase/usecase.go:121.26,123.55 2 0
github.com/go-park-mail-ru/2022_1_VVT-i-2.0/internal/app/user/usecase/usecase.go:126.3,126.18 1 0
github.com/go-park-mail-ru/2022_1_VVT-i-2.0/internal/app/user/usecase/usecase.go:123.55,124.9 1 0
github.com/go-park-mail-ru/2022_1_VVT-i-2.0/internal/app/user/usecase/usecase.go:128.22,130.3 1 0
github.com/go-park-mail-ru/2022_1_VVT-i-2.0/internal/app/user/usecase/usecase.go:133.16,135.3 1 0
github.com/go-park-mail-ru/2022_1_VVT-i-2.0/internal/app/user/usecase/usecase.go:140.29,143.2 2 0
