mode: set
github.com/go-park-mail-ru/2022_1_VVT-i-2.0/internal/app/restaurants/usecase/usecase.go:15.84,19.2 1 1
github.com/go-park-mail-ru/2022_1_VVT-i-2.0/internal/app/restaurants/usecase/usecase.go:21.82,23.16 2 1
github.com/go-park-mail-ru/2022_1_VVT-i-2.0/internal/app/restaurants/usecase/usecase.go:27.2,29.55 2 1
github.com/go-park-mail-ru/2022_1_VVT-i-2.0/internal/app/restaurants/usecase/usecase.go:33.2,33.29 1 1
github.com/go-park-mail-ru/2022_1_VVT-i-2.0/internal/app/restaurants/usecase/usecase.go:23.16,25.3 1 0
github.com/go-park-mail-ru/2022_1_VVT-i-2.0/internal/app/restaurants/usecase/usecase.go:29.55,31.3 1 1
github.com/go-park-mail-ru/2022_1_VVT-i-2.0/internal/app/restaurants/usecase/usecase.go:36.136,38.16 2 1
github.com/go-park-mail-ru/2022_1_VVT-i-2.0/internal/app/restaurants/usecase/usecase.go:42.2,44.55 2 1
github.com/go-park-mail-ru/2022_1_VVT-i-2.0/internal/app/restaurants/usecase/usecase.go:48.2,48.29 1 1
github.com/go-park-mail-ru/2022_1_VVT-i-2.0/internal/app/restaurants/usecase/usecase.go:38.16,40.3 1 0
github.com/go-park-mail-ru/2022_1_VVT-i-2.0/internal/app/restaurants/usecase/usecase.go:44.55,46.3 1 1
github.com/go-park-mail-ru/2022_1_VVT-i-2.0/internal/app/restaurants/usecase/usecase.go:51.138,54.16 3 1
github.com/go-park-mail-ru/2022_1_VVT-i-2.0/internal/app/restaurants/usecase/usecase.go:58.2,60.55 2 1
github.com/go-park-mail-ru/2022_1_VVT-i-2.0/internal/app/restaurants/usecase/usecase.go:64.2,64.29 1 1
github.com/go-park-mail-ru/2022_1_VVT-i-2.0/internal/app/restaurants/usecase/usecase.go:54.16,56.3 1 0
github.com/go-park-mail-ru/2022_1_VVT-i-2.0/internal/app/restaurants/usecase/usecase.go:60.55,62.3 1 1
