mode: set
github.com/go-park-mail-ru/2022_1_VVT-i-2.0/internal/microservices/auth/usecase/usecase.go:31.116,37.2 1 1
github.com/go-park-mail-ru/2022_1_VVT-i-2.0/internal/microservices/auth/usecase/usecase.go:39.33,42.2 2 1
github.com/go-park-mail-ru/2022_1_VVT-i-2.0/internal/microservices/auth/usecase/usecase.go:44.94,49.16 5 1
github.com/go-park-mail-ru/2022_1_VVT-i-2.0/internal/microservices/auth/usecase/usecase.go:53.2,54.16 2 1
github.com/go-park-mail-ru/2022_1_VVT-i-2.0/internal/microservices/auth/usecase/usecase.go:58.2,59.16 2 1
github.com/go-park-mail-ru/2022_1_VVT-i-2.0/internal/microservices/auth/usecase/usecase.go:62.2,62.51 1 1
github.com/go-park-mail-ru/2022_1_VVT-i-2.0/internal/microservices/auth/usecase/usecase.go:49.16,51.3 1 0
github.com/go-park-mail-ru/2022_1_VVT-i-2.0/internal/microservices/auth/usecase/usecase.go:54.16,56.3 1 0
github.com/go-park-mail-ru/2022_1_VVT-i-2.0/internal/microservices/auth/usecase/usecase.go:59.16,61.3 1 0
github.com/go-park-mail-ru/2022_1_VVT-i-2.0/internal/microservices/auth/usecase/usecase.go:65.78,68.50 2 1
github.com/go-park-mail-ru/2022_1_VVT-i-2.0/internal/microservices/auth/usecase/usecase.go:71.2,71.18 1 1
github.com/go-park-mail-ru/2022_1_VVT-i-2.0/internal/microservices/auth/usecase/usecase.go:68.50,70.3 1 0
github.com/go-park-mail-ru/2022_1_VVT-i-2.0/internal/microservices/auth/usecase/usecase.go:74.85,76.16 2 1
github.com/go-park-mail-ru/2022_1_VVT-i-2.0/internal/microservices/auth/usecase/usecase.go:79.2,79.16 1 1
github.com/go-park-mail-ru/2022_1_VVT-i-2.0/internal/microservices/auth/usecase/usecase.go:82.2,83.16 2 1
github.com/go-park-mail-ru/2022_1_VVT-i-2.0/internal/microservices/auth/usecase/usecase.go:86.2,92.8 1 1
github.com/go-park-mail-ru/2022_1_VVT-i-2.0/internal/microservices/auth/usecase/usecase.go:76.16,78.3 1 0
github.com/go-park-mail-ru/2022_1_VVT-i-2.0/internal/microservices/auth/usecase/usecase.go:79.16,81.3 1 0
github.com/go-park-mail-ru/2022_1_VVT-i-2.0/internal/microservices/auth/usecase/usecase.go:83.16,85.3 1 0
github.com/go-park-mail-ru/2022_1_VVT-i-2.0/internal/microservices/auth/usecase/usecase.go:95.91,97.16 2 1
github.com/go-park-mail-ru/2022_1_VVT-i-2.0/internal/microservices/auth/usecase/usecase.go:100.2,100.16 1 1
github.com/go-park-mail-ru/2022_1_VVT-i-2.0/internal/microservices/auth/usecase/usecase.go:104.2,105.16 2 1
github.com/go-park-mail-ru/2022_1_VVT-i-2.0/internal/microservices/auth/usecase/usecase.go:108.2,113.8 1 1
github.com/go-park-mail-ru/2022_1_VVT-i-2.0/internal/microservices/auth/usecase/usecase.go:97.16,99.3 1 0
github.com/go-park-mail-ru/2022_1_VVT-i-2.0/internal/microservices/auth/usecase/usecase.go:100.16,102.3 1 0
github.com/go-park-mail-ru/2022_1_VVT-i-2.0/internal/microservices/auth/usecase/usecase.go:105.16,107.3 1 0
