mode: set
github.com/go-park-mail-ru/2022_1_VVT-i-2.0/internal/app/dishes/delivery/http/handler.go:23.103,28.2 1 1
github.com/go-park-mail-ru/2022_1_VVT-i-2.0/internal/app/dishes/delivery/http/handler.go:38.71,43.16 4 1
github.com/go-park-mail-ru/2022_1_VVT-i-2.0/internal/app/dishes/delivery/http/handler.go:47.2,49.16 2 1
github.com/go-park-mail-ru/2022_1_VVT-i-2.0/internal/app/dishes/delivery/http/handler.go:58.2,58.29 1 1
github.com/go-park-mail-ru/2022_1_VVT-i-2.0/internal/app/dishes/delivery/http/handler.go:63.2,64.39 2 1
github.com/go-park-mail-ru/2022_1_VVT-i-2.0/internal/app/dishes/delivery/http/handler.go:67.2,79.47 2 1
github.com/go-park-mail-ru/2022_1_VVT-i-2.0/internal/app/dishes/delivery/http/handler.go:92.2,94.44 3 1
github.com/go-park-mail-ru/2022_1_VVT-i-2.0/internal/app/dishes/delivery/http/handler.go:43.16,45.3 1 1
github.com/go-park-mail-ru/2022_1_VVT-i-2.0/internal/app/dishes/delivery/http/handler.go:49.16,51.68 2 1
github.com/go-park-mail-ru/2022_1_VVT-i-2.0/internal/app/dishes/delivery/http/handler.go:54.3,55.99 2 1
github.com/go-park-mail-ru/2022_1_VVT-i-2.0/internal/app/dishes/delivery/http/handler.go:51.68,53.4 1 0
github.com/go-park-mail-ru/2022_1_VVT-i-2.0/internal/app/dishes/delivery/http/handler.go:58.29,61.3 2 0
github.com/go-park-mail-ru/2022_1_VVT-i-2.0/internal/app/dishes/delivery/http/handler.go:64.39,66.3 1 1
github.com/go-park-mail-ru/2022_1_VVT-i-2.0/internal/app/dishes/delivery/http/handler.go:79.47,90.3 1 1
