mode: set
github.com/go-park-mail-ru/2022_1_VVT-i-2.0/internal/app/order/usecase/usecase.go:16.67,20.2 1 1
github.com/go-park-mail-ru/2022_1_VVT-i-2.0/internal/app/order/usecase/usecase.go:22.95,24.38 2 1
github.com/go-park-mail-ru/2022_1_VVT-i-2.0/internal/app/order/usecase/usecase.go:27.2,28.16 2 1
github.com/go-park-mail-ru/2022_1_VVT-i-2.0/internal/app/order/usecase/usecase.go:31.2,31.64 1 1
github.com/go-park-mail-ru/2022_1_VVT-i-2.0/internal/app/order/usecase/usecase.go:24.38,26.3 1 1
github.com/go-park-mail-ru/2022_1_VVT-i-2.0/internal/app/order/usecase/usecase.go:28.16,30.3 1 0
github.com/go-park-mail-ru/2022_1_VVT-i-2.0/internal/app/order/usecase/usecase.go:34.113,37.16 2 1
github.com/go-park-mail-ru/2022_1_VVT-i-2.0/internal/app/order/usecase/usecase.go:41.2,42.38 2 1
github.com/go-park-mail-ru/2022_1_VVT-i-2.0/internal/app/order/usecase/usecase.go:45.2,45.64 1 1
github.com/go-park-mail-ru/2022_1_VVT-i-2.0/internal/app/order/usecase/usecase.go:37.16,39.3 1 0
github.com/go-park-mail-ru/2022_1_VVT-i-2.0/internal/app/order/usecase/usecase.go:42.38,44.3 1 1
github.com/go-park-mail-ru/2022_1_VVT-i-2.0/internal/app/order/usecase/usecase.go:48.134,51.16 2 1
github.com/go-park-mail-ru/2022_1_VVT-i-2.0/internal/app/order/usecase/usecase.go:55.2,56.45 2 1
github.com/go-park-mail-ru/2022_1_VVT-i-2.0/internal/app/order/usecase/usecase.go:59.2,59.78 1 1
github.com/go-park-mail-ru/2022_1_VVT-i-2.0/internal/app/order/usecase/usecase.go:51.16,53.3 1 0
github.com/go-park-mail-ru/2022_1_VVT-i-2.0/internal/app/order/usecase/usecase.go:56.45,58.3 1 1
github.com/go-park-mail-ru/2022_1_VVT-i-2.0/internal/app/order/usecase/usecase.go:62.108,65.16 2 1
github.com/go-park-mail-ru/2022_1_VVT-i-2.0/internal/app/order/usecase/usecase.go:69.2,70.33 2 1
github.com/go-park-mail-ru/2022_1_VVT-i-2.0/internal/app/order/usecase/usecase.go:73.2,73.19 1 1
github.com/go-park-mail-ru/2022_1_VVT-i-2.0/internal/app/order/usecase/usecase.go:65.16,67.3 1 0
github.com/go-park-mail-ru/2022_1_VVT-i-2.0/internal/app/order/usecase/usecase.go:70.33,72.3 1 1
