mode: set
github.com/go-park-mail-ru/2022_1_VVT-i-2.0/internal/app/comments/repository/repository.go:15.49,17.2 1 0
github.com/go-park-mail-ru/2022_1_VVT-i-2.0/internal/app/comments/repository/repository.go:19.82,22.13 3 1
github.com/go-park-mail-ru/2022_1_VVT-i-2.0/internal/app/comments/repository/repository.go:23.11,24.25 1 1
github.com/go-park-mail-ru/2022_1_VVT-i-2.0/internal/app/comments/repository/repository.go:25.21,26.80 1 1
github.com/go-park-mail-ru/2022_1_VVT-i-2.0/internal/app/comments/repository/repository.go:27.10,28.68 1 1
github.com/go-park-mail-ru/2022_1_VVT-i-2.0/internal/app/comments/repository/repository.go:32.89,35.13 3 1
github.com/go-park-mail-ru/2022_1_VVT-i-2.0/internal/app/comments/repository/repository.go:36.11,37.25 1 1
github.com/go-park-mail-ru/2022_1_VVT-i-2.0/internal/app/comments/repository/repository.go:38.21,39.80 1 1
github.com/go-park-mail-ru/2022_1_VVT-i-2.0/internal/app/comments/repository/repository.go:40.10,41.68 1 1
github.com/go-park-mail-ru/2022_1_VVT-i-2.0/internal/app/comments/repository/repository.go:45.102,49.13 3 1
github.com/go-park-mail-ru/2022_1_VVT-i-2.0/internal/app/comments/repository/repository.go:50.11,51.23 1 1
github.com/go-park-mail-ru/2022_1_VVT-i-2.0/internal/app/comments/repository/repository.go:52.21,53.80 1 1
github.com/go-park-mail-ru/2022_1_VVT-i-2.0/internal/app/comments/repository/repository.go:54.10,55.68 1 1
github.com/go-park-mail-ru/2022_1_VVT-i-2.0/internal/app/comments/repository/repository.go:59.84,63.13 3 1
github.com/go-park-mail-ru/2022_1_VVT-i-2.0/internal/app/comments/repository/repository.go:64.11,65.19 1 1
github.com/go-park-mail-ru/2022_1_VVT-i-2.0/internal/app/comments/repository/repository.go:66.21,67.80 1 1
github.com/go-park-mail-ru/2022_1_VVT-i-2.0/internal/app/comments/repository/repository.go:68.10,69.68 1 1
github.com/go-park-mail-ru/2022_1_VVT-i-2.0/internal/app/comments/repository/repository.go:73.143,76.16 3 1
github.com/go-park-mail-ru/2022_1_VVT-i-2.0/internal/app/comments/repository/repository.go:82.2,82.20 1 1
github.com/go-park-mail-ru/2022_1_VVT-i-2.0/internal/app/comments/repository/repository.go:85.2,85.21 1 1
github.com/go-park-mail-ru/2022_1_VVT-i-2.0/internal/app/comments/repository/repository.go:76.16,77.53 1 1
github.com/go-park-mail-ru/2022_1_VVT-i-2.0/internal/app/comments/repository/repository.go:80.3,80.69 1 1
github.com/go-park-mail-ru/2022_1_VVT-i-2.0/internal/app/comments/repository/repository.go:77.53,79.4 1 0
github.com/go-park-mail-ru/2022_1_VVT-i-2.0/internal/app/comments/repository/repository.go:82.20,84.3 1 0
github.com/go-park-mail-ru/2022_1_VVT-i-2.0/internal/app/comments/repository/repository.go:88.127,91.16 3 1
github.com/go-park-mail-ru/2022_1_VVT-i-2.0/internal/app/comments/repository/repository.go:97.2,97.23 1 1
github.com/go-park-mail-ru/2022_1_VVT-i-2.0/internal/app/comments/repository/repository.go:100.2,100.24 1 1
github.com/go-park-mail-ru/2022_1_VVT-i-2.0/internal/app/comments/repository/repository.go:91.16,92.53 1 1
github.com/go-park-mail-ru/2022_1_VVT-i-2.0/internal/app/comments/repository/repository.go:95.3,95.69 1 1
github.com/go-park-mail-ru/2022_1_VVT-i-2.0/internal/app/comments/repository/repository.go:92.53,94.4 1 0
github.com/go-park-mail-ru/2022_1_VVT-i-2.0/internal/app/comments/repository/repository.go:97.23,99.3 1 0
