mode: set
github.com/go-park-mail-ru/2022_1_VVT-i-2.0/internal/microservices/order/delivery/grpc/handler.go:20.59,24.2 1 1
github.com/go-park-mail-ru/2022_1_VVT-i-2.0/internal/microservices/order/delivery/grpc/handler.go:26.119,28.36 2 1
github.com/go-park-mail-ru/2022_1_VVT-i-2.0/internal/microservices/order/delivery/grpc/handler.go:31.2,32.16 2 1
github.com/go-park-mail-ru/2022_1_VVT-i-2.0/internal/microservices/order/delivery/grpc/handler.go:39.2,39.64 1 1
github.com/go-park-mail-ru/2022_1_VVT-i-2.0/internal/microservices/order/delivery/grpc/handler.go:28.36,30.3 1 1
github.com/go-park-mail-ru/2022_1_VVT-i-2.0/internal/microservices/order/delivery/grpc/handler.go:32.16,34.19 2 1
github.com/go-park-mail-ru/2022_1_VVT-i-2.0/internal/microservices/order/delivery/grpc/handler.go:37.3,37.85 1 1
github.com/go-park-mail-ru/2022_1_VVT-i-2.0/internal/microservices/order/delivery/grpc/handler.go:34.19,36.4 1 0
github.com/go-park-mail-ru/2022_1_VVT-i-2.0/internal/microservices/order/delivery/grpc/handler.go:42.125,44.16 2 1
github.com/go-park-mail-ru/2022_1_VVT-i-2.0/internal/microservices/order/delivery/grpc/handler.go:51.2,52.50 2 1
github.com/go-park-mail-ru/2022_1_VVT-i-2.0/internal/microservices/order/delivery/grpc/handler.go:55.2,55.58 1 1
github.com/go-park-mail-ru/2022_1_VVT-i-2.0/internal/microservices/order/delivery/grpc/handler.go:44.16,46.19 2 1
github.com/go-park-mail-ru/2022_1_VVT-i-2.0/internal/microservices/order/delivery/grpc/handler.go:49.3,49.87 1 1
github.com/go-park-mail-ru/2022_1_VVT-i-2.0/internal/microservices/order/delivery/grpc/handler.go:46.19,48.4 1 0
github.com/go-park-mail-ru/2022_1_VVT-i-2.0/internal/microservices/order/delivery/grpc/handler.go:52.50,54.3 1 1
github.com/go-park-mail-ru/2022_1_VVT-i-2.0/internal/microservices/order/delivery/grpc/handler.go:58.146,60.16 2 1
github.com/go-park-mail-ru/2022_1_VVT-i-2.0/internal/microservices/order/delivery/grpc/handler.go:67.2,68.50 2 1
github.com/go-park-mail-ru/2022_1_VVT-i-2.0/internal/microservices/order/delivery/grpc/handler.go:71.2,71.80 1 1
github.com/go-park-mail-ru/2022_1_VVT-i-2.0/internal/microservices/order/delivery/grpc/handler.go:60.16,62.19 2 1
github.com/go-park-mail-ru/2022_1_VVT-i-2.0/internal/microservices/order/delivery/grpc/handler.go:65.3,65.94 1 1
github.com/go-park-mail-ru/2022_1_VVT-i-2.0/internal/microservices/order/delivery/grpc/handler.go:62.19,64.4 1 0
github.com/go-park-mail-ru/2022_1_VVT-i-2.0/internal/microservices/order/delivery/grpc/handler.go:68.50,70.3 1 1
github.com/go-park-mail-ru/2022_1_VVT-i-2.0/internal/microservices/order/delivery/grpc/handler.go:74.122,76.16 2 1
github.com/go-park-mail-ru/2022_1_VVT-i-2.0/internal/microservices/order/delivery/grpc/handler.go:84.2,85.33 2 1
github.com/go-park-mail-ru/2022_1_VVT-i-2.0/internal/microservices/order/delivery/grpc/handler.go:89.2,89.243 1 1
github.com/go-park-mail-ru/2022_1_VVT-i-2.0/internal/microservices/order/delivery/grpc/handler.go:76.16,78.19 2 1
github.com/go-park-mail-ru/2022_1_VVT-i-2.0/internal/microservices/order/delivery/grpc/handler.go:81.3,81.86 1 1
github.com/go-park-mail-ru/2022_1_VVT-i-2.0/internal/microservices/order/delivery/grpc/handler.go:78.19,80.4 1 0
github.com/go-park-mail-ru/2022_1_VVT-i-2.0/internal/microservices/order/delivery/grpc/handler.go:85.33,87.3 1 1
