mode: set
github.com/go-park-mail-ru/2022_1_VVT-i-2.0/internal/app/address/repository/repository.go:20.41,22.2 1 1
github.com/go-park-mail-ru/2022_1_VVT-i-2.0/internal/app/address/repository/repository.go:37.113,47.13 3 1
github.com/go-park-mail-ru/2022_1_VVT-i-2.0/internal/app/address/repository/repository.go:48.11,49.22 1 1
github.com/go-park-mail-ru/2022_1_VVT-i-2.0/internal/app/address/repository/repository.go:52.3,53.74 2 1
github.com/go-park-mail-ru/2022_1_VVT-i-2.0/internal/app/address/repository/repository.go:56.3,56.71 1 1
github.com/go-park-mail-ru/2022_1_VVT-i-2.0/internal/app/address/repository/repository.go:57.21,58.80 1 1
github.com/go-park-mail-ru/2022_1_VVT-i-2.0/internal/app/address/repository/repository.go:59.10,60.68 1 1
github.com/go-park-mail-ru/2022_1_VVT-i-2.0/internal/app/address/repository/repository.go:49.22,51.4 1 0
github.com/go-park-mail-ru/2022_1_VVT-i-2.0/internal/app/address/repository/repository.go:53.74,55.4 1 1
github.com/go-park-mail-ru/2022_1_VVT-i-2.0/internal/app/address/repository/repository.go:64.110,71.13 3 1
github.com/go-park-mail-ru/2022_1_VVT-i-2.0/internal/app/address/repository/repository.go:72.11,73.22 1 1
github.com/go-park-mail-ru/2022_1_VVT-i-2.0/internal/app/address/repository/repository.go:76.3,77.74 2 1
github.com/go-park-mail-ru/2022_1_VVT-i-2.0/internal/app/address/repository/repository.go:80.3,80.69 1 1
github.com/go-park-mail-ru/2022_1_VVT-i-2.0/internal/app/address/repository/repository.go:81.21,82.80 1 1
github.com/go-park-mail-ru/2022_1_VVT-i-2.0/internal/app/address/repository/repository.go:83.10,84.68 1 1
github.com/go-park-mail-ru/2022_1_VVT-i-2.0/internal/app/address/repository/repository.go:73.22,75.4 1 0
github.com/go-park-mail-ru/2022_1_VVT-i-2.0/internal/app/address/repository/repository.go:77.74,79.4 1 1
github.com/go-park-mail-ru/2022_1_VVT-i-2.0/internal/app/address/repository/repository.go:88.74,89.45 1 1
github.com/go-park-mail-ru/2022_1_VVT-i-2.0/internal/app/address/repository/repository.go:92.2,92.70 1 1
github.com/go-park-mail-ru/2022_1_VVT-i-2.0/internal/app/address/repository/repository.go:89.45,91.3 1 1
github.com/go-park-mail-ru/2022_1_VVT-i-2.0/internal/app/address/repository/repository.go:95.100,98.13 3 1
github.com/go-park-mail-ru/2022_1_VVT-i-2.0/internal/app/address/repository/repository.go:99.11,100.25 1 1
github.com/go-park-mail-ru/2022_1_VVT-i-2.0/internal/app/address/repository/repository.go:101.21,102.80 1 1
github.com/go-park-mail-ru/2022_1_VVT-i-2.0/internal/app/address/repository/repository.go:103.10,104.68 1 1
github.com/go-park-mail-ru/2022_1_VVT-i-2.0/internal/app/address/repository/repository.go:108.96,111.13 3 1
github.com/go-park-mail-ru/2022_1_VVT-i-2.0/internal/app/address/repository/repository.go:112.11,113.24 1 1
github.com/go-park-mail-ru/2022_1_VVT-i-2.0/internal/app/address/repository/repository.go:114.21,115.80 1 1
github.com/go-park-mail-ru/2022_1_VVT-i-2.0/internal/app/address/repository/repository.go:116.10,117.68 1 1
github.com/go-park-mail-ru/2022_1_VVT-i-2.0/internal/app/address/delivery/http/handler.go:19.54,23.2 1 0
github.com/go-park-mail-ru/2022_1_VVT-i-2.0/internal/app/address/delivery/http/handler.go:25.55,30.64 5 0
github.com/go-park-mail-ru/2022_1_VVT-i-2.0/internal/app/address/delivery/http/handler.go:34.2,36.16 2 0
github.com/go-park-mail-ru/2022_1_VVT-i-2.0/internal/app/address/delivery/http/handler.go:41.2,41.118 1 0
github.com/go-park-mail-ru/2022_1_VVT-i-2.0/internal/app/address/delivery/http/handler.go:30.64,32.3 1 0
github.com/go-park-mail-ru/2022_1_VVT-i-2.0/internal/app/address/delivery/http/handler.go:36.16,39.3 2 0
github.com/go-park-mail-ru/2022_1_VVT-i-2.0/internal/app/address/mock/AddressRepository.go:13.113,15.2 1 0
github.com/go-park-mail-ru/2022_1_VVT-i-2.0/internal/app/address/mock/AddressRepository.go:17.109,19.2 1 0
github.com/go-park-mail-ru/2022_1_VVT-i-2.0/internal/app/address/mock/AddressRepository.go:21.74,23.2 1 0
github.com/go-park-mail-ru/2022_1_VVT-i-2.0/internal/app/address/mock/AddressRepository.go:25.100,27.2 1 0
github.com/go-park-mail-ru/2022_1_VVT-i-2.0/internal/app/address/mock/AddressRepository.go:29.96,31.2 1 0
github.com/go-park-mail-ru/2022_1_VVT-i-2.0/internal/app/address/mock/AddressRepository.go:37.116,39.2 1 0
github.com/go-park-mail-ru/2022_1_VVT-i-2.0/internal/app/address/mock/AddressRepository.go:41.112,43.2 1 0
github.com/go-park-mail-ru/2022_1_VVT-i-2.0/internal/app/address/mock/AddressRepository.go:45.77,47.2 1 0
github.com/go-park-mail-ru/2022_1_VVT-i-2.0/internal/app/address/mock/AddressRepository.go:49.103,51.2 1 0
github.com/go-park-mail-ru/2022_1_VVT-i-2.0/internal/app/address/mock/AddressRepository.go:53.99,55.2 1 0
github.com/go-park-mail-ru/2022_1_VVT-i-2.0/internal/app/address/mock/AddressRepository.go:61.117,63.2 1 0
github.com/go-park-mail-ru/2022_1_VVT-i-2.0/internal/app/address/mock/AddressRepository.go:65.104,67.2 1 0
github.com/go-park-mail-ru/2022_1_VVT-i-2.0/internal/app/address/mock/AddressRepository.go:69.121,71.2 1 0
github.com/go-park-mail-ru/2022_1_VVT-i-2.0/internal/app/address/mock/AddressRepository.go:73.82,75.2 1 0
github.com/go-park-mail-ru/2022_1_VVT-i-2.0/internal/app/address/mock/AddressRepository.go:77.108,79.2 1 0
github.com/go-park-mail-ru/2022_1_VVT-i-2.0/internal/app/address/mock/AddressRepository.go:85.120,87.2 1 0
github.com/go-park-mail-ru/2022_1_VVT-i-2.0/internal/app/address/mock/AddressRepository.go:89.107,91.2 1 0
github.com/go-park-mail-ru/2022_1_VVT-i-2.0/internal/app/address/mock/AddressRepository.go:93.124,95.2 1 0
github.com/go-park-mail-ru/2022_1_VVT-i-2.0/internal/app/address/mock/AddressRepository.go:97.85,99.2 1 0
github.com/go-park-mail-ru/2022_1_VVT-i-2.0/internal/app/address/mock/AddressRepository.go:101.111,103.2 1 0
github.com/go-park-mail-ru/2022_1_VVT-i-2.0/internal/app/address/mock/SuggestUseCase.go:13.91,15.2 1 0
github.com/go-park-mail-ru/2022_1_VVT-i-2.0/internal/app/address/mock/SuggestUseCase.go:21.94,23.2 1 0
github.com/go-park-mail-ru/2022_1_VVT-i-2.0/internal/app/address/usecase/usecase.go:20.52,25.2 1 0
github.com/go-park-mail-ru/2022_1_VVT-i-2.0/internal/app/address/usecase/usecase.go:46.60,49.27 3 0
github.com/go-park-mail-ru/2022_1_VVT-i-2.0/internal/app/address/usecase/usecase.go:52.2,52.28 1 0
github.com/go-park-mail-ru/2022_1_VVT-i-2.0/internal/app/address/usecase/usecase.go:49.27,51.3 1 0
github.com/go-park-mail-ru/2022_1_VVT-i-2.0/internal/app/address/usecase/usecase.go:53.9,56.4 1 0
github.com/go-park-mail-ru/2022_1_VVT-i-2.0/internal/app/address/usecase/usecase.go:57.9,62.4 1 0
github.com/go-park-mail-ru/2022_1_VVT-i-2.0/internal/app/address/usecase/usecase.go:70.10,76.4 1 0
github.com/go-park-mail-ru/2022_1_VVT-i-2.0/internal/app/address/usecase/usecase.go:80.69,82.2 1 0
github.com/go-park-mail-ru/2022_1_VVT-i-2.0/internal/app/address/usecase/usecase.go:84.87,86.16 2 0
github.com/go-park-mail-ru/2022_1_VVT-i-2.0/internal/app/address/usecase/usecase.go:101.2,104.58 3 0
github.com/go-park-mail-ru/2022_1_VVT-i-2.0/internal/app/address/usecase/usecase.go:120.2,120.18 1 0
github.com/go-park-mail-ru/2022_1_VVT-i-2.0/internal/app/address/usecase/usecase.go:123.2,124.44 2 0
github.com/go-park-mail-ru/2022_1_VVT-i-2.0/internal/app/address/usecase/usecase.go:127.2,127.24 1 0
github.com/go-park-mail-ru/2022_1_VVT-i-2.0/internal/app/address/usecase/usecase.go:86.16,88.10 2 0
github.com/go-park-mail-ru/2022_1_VVT-i-2.0/internal/app/address/usecase/usecase.go:89.21,90.4 1 0
github.com/go-park-mail-ru/2022_1_VVT-i-2.0/internal/app/address/usecase/usecase.go:93.54,94.4 1 0
github.com/go-park-mail-ru/2022_1_VVT-i-2.0/internal/app/address/usecase/usecase.go:97.11,98.62 1 0
github.com/go-park-mail-ru/2022_1_VVT-i-2.0/internal/app/address/usecase/usecase.go:90.4,92.5 1 0
github.com/go-park-mail-ru/2022_1_VVT-i-2.0/internal/app/address/usecase/usecase.go:94.4,96.5 1 0
github.com/go-park-mail-ru/2022_1_VVT-i-2.0/internal/app/address/usecase/usecase.go:104.58,108.35 3 0
github.com/go-park-mail-ru/2022_1_VVT-i-2.0/internal/app/address/usecase/usecase.go:112.3,113.50 2 0
github.com/go-park-mail-ru/2022_1_VVT-i-2.0/internal/app/address/usecase/usecase.go:118.3,118.13 1 0
github.com/go-park-mail-ru/2022_1_VVT-i-2.0/internal/app/address/usecase/usecase.go:108.35,109.9 1 0
github.com/go-park-mail-ru/2022_1_VVT-i-2.0/internal/app/address/usecase/usecase.go:113.50,114.51 1 0
github.com/go-park-mail-ru/2022_1_VVT-i-2.0/internal/app/address/usecase/usecase.go:114.51,116.5 1 0
github.com/go-park-mail-ru/2022_1_VVT-i-2.0/internal/app/address/usecase/usecase.go:120.18,122.3 1 0
github.com/go-park-mail-ru/2022_1_VVT-i-2.0/internal/app/address/usecase/usecase.go:124.44,126.3 1 0
github.com/go-park-mail-ru/2022_1_VVT-i-2.0/internal/app/address/usecase/usecase.go:130.86,132.16 2 0
github.com/go-park-mail-ru/2022_1_VVT-i-2.0/internal/app/address/usecase/usecase.go:147.2,148.16 2 0
github.com/go-park-mail-ru/2022_1_VVT-i-2.0/internal/app/address/usecase/usecase.go:164.2,165.53 2 0
github.com/go-park-mail-ru/2022_1_VVT-i-2.0/internal/app/address/usecase/usecase.go:169.2,171.58 3 0
github.com/go-park-mail-ru/2022_1_VVT-i-2.0/internal/app/address/usecase/usecase.go:183.2,183.18 1 0
github.com/go-park-mail-ru/2022_1_VVT-i-2.0/internal/app/address/usecase/usecase.go:186.2,187.44 2 0
github.com/go-park-mail-ru/2022_1_VVT-i-2.0/internal/app/address/usecase/usecase.go:190.2,191.24 2 0
github.com/go-park-mail-ru/2022_1_VVT-i-2.0/internal/app/address/usecase/usecase.go:132.16,134.10 2 0
github.com/go-park-mail-ru/2022_1_VVT-i-2.0/internal/app/address/usecase/usecase.go:135.21,136.4 1 0
github.com/go-park-mail-ru/2022_1_VVT-i-2.0/internal/app/address/usecase/usecase.go:139.54,140.4 1 0
github.com/go-park-mail-ru/2022_1_VVT-i-2.0/internal/app/address/usecase/usecase.go:143.11,144.62 1 0
github.com/go-park-mail-ru/2022_1_VVT-i-2.0/internal/app/address/usecase/usecase.go:136.4,138.5 1 0
github.com/go-park-mail-ru/2022_1_VVT-i-2.0/internal/app/address/usecase/usecase.go:140.4,142.5 1 0
github.com/go-park-mail-ru/2022_1_VVT-i-2.0/internal/app/address/usecase/usecase.go:148.16,150.10 2 0
github.com/go-park-mail-ru/2022_1_VVT-i-2.0/internal/app/address/usecase/usecase.go:151.21,152.4 1 0
github.com/go-park-mail-ru/2022_1_VVT-i-2.0/internal/app/address/usecase/usecase.go:155.54,156.4 1 0
github.com/go-park-mail-ru/2022_1_VVT-i-2.0/internal/app/address/usecase/usecase.go:159.11,160.64 1 0
github.com/go-park-mail-ru/2022_1_VVT-i-2.0/internal/app/address/usecase/usecase.go:152.4,154.5 1 0
github.com/go-park-mail-ru/2022_1_VVT-i-2.0/internal/app/address/usecase/usecase.go:156.4,158.5 1 0
github.com/go-park-mail-ru/2022_1_VVT-i-2.0/internal/app/address/usecase/usecase.go:165.53,167.3 1 0
github.com/go-park-mail-ru/2022_1_VVT-i-2.0/internal/app/address/usecase/usecase.go:171.58,176.34 3 0
github.com/go-park-mail-ru/2022_1_VVT-i-2.0/internal/app/address/usecase/usecase.go:180.3,180.92 1 0
github.com/go-park-mail-ru/2022_1_VVT-i-2.0/internal/app/address/usecase/usecase.go:176.34,177.9 1 0
github.com/go-park-mail-ru/2022_1_VVT-i-2.0/internal/app/address/usecase/usecase.go:180.93,181.4 0 0
github.com/go-park-mail-ru/2022_1_VVT-i-2.0/internal/app/address/usecase/usecase.go:183.18,185.3 1 0
github.com/go-park-mail-ru/2022_1_VVT-i-2.0/internal/app/address/usecase/usecase.go:187.44,189.3 1 0
github.com/go-park-mail-ru/2022_1_VVT-i-2.0/internal/app/address/usecase/usecase.go:194.96,195.20 1 0
github.com/go-park-mail-ru/2022_1_VVT-i-2.0/internal/app/address/usecase/usecase.go:198.2,199.17 2 0
github.com/go-park-mail-ru/2022_1_VVT-i-2.0/internal/app/address/usecase/usecase.go:202.2,202.25 1 0
github.com/go-park-mail-ru/2022_1_VVT-i-2.0/internal/app/address/usecase/usecase.go:195.20,197.3 1 0
github.com/go-park-mail-ru/2022_1_VVT-i-2.0/internal/app/address/usecase/usecase.go:199.17,201.3 1 0
github.com/go-park-mail-ru/2022_1_VVT-i-2.0/internal/app/address/usecase/usecase.go:203.14,204.3 1 0
github.com/go-park-mail-ru/2022_1_VVT-i-2.0/internal/app/address/usecase/usecase.go:207.13,208.3 1 0
github.com/go-park-mail-ru/2022_1_VVT-i-2.0/internal/app/address/usecase/usecase.go:211.10,212.25 1 0
github.com/go-park-mail-ru/2022_1_VVT-i-2.0/internal/app/address/usecase/usecase.go:204.3,206.4 1 0
github.com/go-park-mail-ru/2022_1_VVT-i-2.0/internal/app/address/usecase/usecase.go:208.3,210.4 1 0
github.com/go-park-mail-ru/2022_1_VVT-i-2.0/internal/app/address/repository/repository.go:20.41,22.2 1 0
github.com/go-park-mail-ru/2022_1_VVT-i-2.0/internal/app/address/repository/repository.go:37.113,47.13 3 0
github.com/go-park-mail-ru/2022_1_VVT-i-2.0/internal/app/address/repository/repository.go:48.11,49.22 1 0
github.com/go-park-mail-ru/2022_1_VVT-i-2.0/internal/app/address/repository/repository.go:52.3,53.74 2 0
github.com/go-park-mail-ru/2022_1_VVT-i-2.0/internal/app/address/repository/repository.go:56.3,56.71 1 0
github.com/go-park-mail-ru/2022_1_VVT-i-2.0/internal/app/address/repository/repository.go:57.21,58.80 1 0
github.com/go-park-mail-ru/2022_1_VVT-i-2.0/internal/app/address/repository/repository.go:59.10,60.68 1 0
github.com/go-park-mail-ru/2022_1_VVT-i-2.0/internal/app/address/repository/repository.go:49.22,51.4 1 0
github.com/go-park-mail-ru/2022_1_VVT-i-2.0/internal/app/address/repository/repository.go:53.74,55.4 1 0
github.com/go-park-mail-ru/2022_1_VVT-i-2.0/internal/app/address/repository/repository.go:64.110,71.13 3 0
github.com/go-park-mail-ru/2022_1_VVT-i-2.0/internal/app/address/repository/repository.go:72.11,73.22 1 0
github.com/go-park-mail-ru/2022_1_VVT-i-2.0/internal/app/address/repository/repository.go:76.3,77.74 2 0
github.com/go-park-mail-ru/2022_1_VVT-i-2.0/internal/app/address/repository/repository.go:80.3,80.69 1 0
github.com/go-park-mail-ru/2022_1_VVT-i-2.0/internal/app/address/repository/repository.go:81.21,82.80 1 0
github.com/go-park-mail-ru/2022_1_VVT-i-2.0/internal/app/address/repository/repository.go:83.10,84.68 1 0
github.com/go-park-mail-ru/2022_1_VVT-i-2.0/internal/app/address/repository/repository.go:73.22,75.4 1 0
github.com/go-park-mail-ru/2022_1_VVT-i-2.0/internal/app/address/repository/repository.go:77.74,79.4 1 0
github.com/go-park-mail-ru/2022_1_VVT-i-2.0/internal/app/address/repository/repository.go:88.74,89.45 1 0
github.com/go-park-mail-ru/2022_1_VVT-i-2.0/internal/app/address/repository/repository.go:92.2,92.70 1 0
github.com/go-park-mail-ru/2022_1_VVT-i-2.0/internal/app/address/repository/repository.go:89.45,91.3 1 0
github.com/go-park-mail-ru/2022_1_VVT-i-2.0/internal/app/address/repository/repository.go:95.100,98.13 3 0
github.com/go-park-mail-ru/2022_1_VVT-i-2.0/internal/app/address/repository/repository.go:99.11,100.25 1 0
github.com/go-park-mail-ru/2022_1_VVT-i-2.0/internal/app/address/repository/repository.go:101.21,102.80 1 0
github.com/go-park-mail-ru/2022_1_VVT-i-2.0/internal/app/address/repository/repository.go:103.10,104.68 1 0
github.com/go-park-mail-ru/2022_1_VVT-i-2.0/internal/app/address/repository/repository.go:108.96,111.13 3 0
github.com/go-park-mail-ru/2022_1_VVT-i-2.0/internal/app/address/repository/repository.go:112.11,113.24 1 0
github.com/go-park-mail-ru/2022_1_VVT-i-2.0/internal/app/address/repository/repository.go:114.21,115.80 1 0
github.com/go-park-mail-ru/2022_1_VVT-i-2.0/internal/app/address/repository/repository.go:116.10,117.68 1 0
github.com/go-park-mail-ru/2022_1_VVT-i-2.0/internal/app/address/usecase/usecase.go:20.52,25.2 1 0
github.com/go-park-mail-ru/2022_1_VVT-i-2.0/internal/app/address/usecase/usecase.go:46.60,49.27 3 0
github.com/go-park-mail-ru/2022_1_VVT-i-2.0/internal/app/address/usecase/usecase.go:52.2,52.28 1 0
github.com/go-park-mail-ru/2022_1_VVT-i-2.0/internal/app/address/usecase/usecase.go:49.27,51.3 1 0
github.com/go-park-mail-ru/2022_1_VVT-i-2.0/internal/app/address/usecase/usecase.go:53.9,56.4 1 0
github.com/go-park-mail-ru/2022_1_VVT-i-2.0/internal/app/address/usecase/usecase.go:57.9,62.4 1 0
github.com/go-park-mail-ru/2022_1_VVT-i-2.0/internal/app/address/usecase/usecase.go:70.10,76.4 1 0
github.com/go-park-mail-ru/2022_1_VVT-i-2.0/internal/app/address/usecase/usecase.go:80.69,82.2 1 0
github.com/go-park-mail-ru/2022_1_VVT-i-2.0/internal/app/address/usecase/usecase.go:84.87,86.16 2 0
github.com/go-park-mail-ru/2022_1_VVT-i-2.0/internal/app/address/usecase/usecase.go:101.2,104.58 3 0
github.com/go-park-mail-ru/2022_1_VVT-i-2.0/internal/app/address/usecase/usecase.go:120.2,120.18 1 0
github.com/go-park-mail-ru/2022_1_VVT-i-2.0/internal/app/address/usecase/usecase.go:123.2,124.44 2 0
github.com/go-park-mail-ru/2022_1_VVT-i-2.0/internal/app/address/usecase/usecase.go:127.2,127.24 1 0
github.com/go-park-mail-ru/2022_1_VVT-i-2.0/internal/app/address/usecase/usecase.go:86.16,88.10 2 0
github.com/go-park-mail-ru/2022_1_VVT-i-2.0/internal/app/address/usecase/usecase.go:89.21,90.4 1 0
github.com/go-park-mail-ru/2022_1_VVT-i-2.0/internal/app/address/usecase/usecase.go:93.54,94.4 1 0
github.com/go-park-mail-ru/2022_1_VVT-i-2.0/internal/app/address/usecase/usecase.go:97.11,98.62 1 0
github.com/go-park-mail-ru/2022_1_VVT-i-2.0/internal/app/address/usecase/usecase.go:90.4,92.5 1 0
github.com/go-park-mail-ru/2022_1_VVT-i-2.0/internal/app/address/usecase/usecase.go:94.4,96.5 1 0
github.com/go-park-mail-ru/2022_1_VVT-i-2.0/internal/app/address/usecase/usecase.go:104.58,108.35 3 0
github.com/go-park-mail-ru/2022_1_VVT-i-2.0/internal/app/address/usecase/usecase.go:112.3,113.50 2 0
github.com/go-park-mail-ru/2022_1_VVT-i-2.0/internal/app/address/usecase/usecase.go:118.3,118.13 1 0
github.com/go-park-mail-ru/2022_1_VVT-i-2.0/internal/app/address/usecase/usecase.go:108.35,109.9 1 0
github.com/go-park-mail-ru/2022_1_VVT-i-2.0/internal/app/address/usecase/usecase.go:113.50,114.51 1 0
github.com/go-park-mail-ru/2022_1_VVT-i-2.0/internal/app/address/usecase/usecase.go:114.51,116.5 1 0
github.com/go-park-mail-ru/2022_1_VVT-i-2.0/internal/app/address/usecase/usecase.go:120.18,122.3 1 0
github.com/go-park-mail-ru/2022_1_VVT-i-2.0/internal/app/address/usecase/usecase.go:124.44,126.3 1 0
github.com/go-park-mail-ru/2022_1_VVT-i-2.0/internal/app/address/usecase/usecase.go:130.86,132.16 2 0
github.com/go-park-mail-ru/2022_1_VVT-i-2.0/internal/app/address/usecase/usecase.go:147.2,148.16 2 0
github.com/go-park-mail-ru/2022_1_VVT-i-2.0/internal/app/address/usecase/usecase.go:164.2,165.53 2 0
github.com/go-park-mail-ru/2022_1_VVT-i-2.0/internal/app/address/usecase/usecase.go:169.2,171.58 3 0
github.com/go-park-mail-ru/2022_1_VVT-i-2.0/internal/app/address/usecase/usecase.go:183.2,183.18 1 0
github.com/go-park-mail-ru/2022_1_VVT-i-2.0/internal/app/address/usecase/usecase.go:186.2,187.44 2 0
github.com/go-park-mail-ru/2022_1_VVT-i-2.0/internal/app/address/usecase/usecase.go:190.2,191.24 2 0
github.com/go-park-mail-ru/2022_1_VVT-i-2.0/internal/app/address/usecase/usecase.go:132.16,134.10 2 0
github.com/go-park-mail-ru/2022_1_VVT-i-2.0/internal/app/address/usecase/usecase.go:135.21,136.4 1 0
github.com/go-park-mail-ru/2022_1_VVT-i-2.0/internal/app/address/usecase/usecase.go:139.54,140.4 1 0
github.com/go-park-mail-ru/2022_1_VVT-i-2.0/internal/app/address/usecase/usecase.go:143.11,144.62 1 0
github.com/go-park-mail-ru/2022_1_VVT-i-2.0/internal/app/address/usecase/usecase.go:136.4,138.5 1 0
github.com/go-park-mail-ru/2022_1_VVT-i-2.0/internal/app/address/usecase/usecase.go:140.4,142.5 1 0
github.com/go-park-mail-ru/2022_1_VVT-i-2.0/internal/app/address/usecase/usecase.go:148.16,150.10 2 0
github.com/go-park-mail-ru/2022_1_VVT-i-2.0/internal/app/address/usecase/usecase.go:151.21,152.4 1 0
github.com/go-park-mail-ru/2022_1_VVT-i-2.0/internal/app/address/usecase/usecase.go:155.54,156.4 1 0
github.com/go-park-mail-ru/2022_1_VVT-i-2.0/internal/app/address/usecase/usecase.go:159.11,160.64 1 0
github.com/go-park-mail-ru/2022_1_VVT-i-2.0/internal/app/address/usecase/usecase.go:152.4,154.5 1 0
github.com/go-park-mail-ru/2022_1_VVT-i-2.0/internal/app/address/usecase/usecase.go:156.4,158.5 1 0
github.com/go-park-mail-ru/2022_1_VVT-i-2.0/internal/app/address/usecase/usecase.go:165.53,167.3 1 0
github.com/go-park-mail-ru/2022_1_VVT-i-2.0/internal/app/address/usecase/usecase.go:171.58,176.34 3 0
github.com/go-park-mail-ru/2022_1_VVT-i-2.0/internal/app/address/usecase/usecase.go:180.3,180.92 1 0
github.com/go-park-mail-ru/2022_1_VVT-i-2.0/internal/app/address/usecase/usecase.go:176.34,177.9 1 0
github.com/go-park-mail-ru/2022_1_VVT-i-2.0/internal/app/address/usecase/usecase.go:180.93,181.4 0 0
github.com/go-park-mail-ru/2022_1_VVT-i-2.0/internal/app/address/usecase/usecase.go:183.18,185.3 1 0
github.com/go-park-mail-ru/2022_1_VVT-i-2.0/internal/app/address/usecase/usecase.go:187.44,189.3 1 0
github.com/go-park-mail-ru/2022_1_VVT-i-2.0/internal/app/address/usecase/usecase.go:194.96,195.20 1 0
github.com/go-park-mail-ru/2022_1_VVT-i-2.0/internal/app/address/usecase/usecase.go:198.2,199.17 2 0
github.com/go-park-mail-ru/2022_1_VVT-i-2.0/internal/app/address/usecase/usecase.go:202.2,202.25 1 0
github.com/go-park-mail-ru/2022_1_VVT-i-2.0/internal/app/address/usecase/usecase.go:195.20,197.3 1 0
github.com/go-park-mail-ru/2022_1_VVT-i-2.0/internal/app/address/usecase/usecase.go:199.17,201.3 1 0
github.com/go-park-mail-ru/2022_1_VVT-i-2.0/internal/app/address/usecase/usecase.go:203.14,204.3 1 0
github.com/go-park-mail-ru/2022_1_VVT-i-2.0/internal/app/address/usecase/usecase.go:207.13,208.3 1 0
github.com/go-park-mail-ru/2022_1_VVT-i-2.0/internal/app/address/usecase/usecase.go:211.10,212.25 1 0
github.com/go-park-mail-ru/2022_1_VVT-i-2.0/internal/app/address/usecase/usecase.go:204.3,206.4 1 0
github.com/go-park-mail-ru/2022_1_VVT-i-2.0/internal/app/address/usecase/usecase.go:208.3,210.4 1 0
github.com/go-park-mail-ru/2022_1_VVT-i-2.0/internal/app/address/delivery/http/handler.go:19.54,23.2 1 1
github.com/go-park-mail-ru/2022_1_VVT-i-2.0/internal/app/address/delivery/http/handler.go:25.55,30.64 5 1
github.com/go-park-mail-ru/2022_1_VVT-i-2.0/internal/app/address/delivery/http/handler.go:34.2,36.16 2 1
github.com/go-park-mail-ru/2022_1_VVT-i-2.0/internal/app/address/delivery/http/handler.go:41.2,41.118 1 1
github.com/go-park-mail-ru/2022_1_VVT-i-2.0/internal/app/address/delivery/http/handler.go:30.64,32.3 1 1
github.com/go-park-mail-ru/2022_1_VVT-i-2.0/internal/app/address/delivery/http/handler.go:36.16,39.3 2 1
github.com/go-park-mail-ru/2022_1_VVT-i-2.0/internal/app/address/mock/AddressRepository.go:13.113,15.2 1 0
github.com/go-park-mail-ru/2022_1_VVT-i-2.0/internal/app/address/mock/AddressRepository.go:17.109,19.2 1 0
github.com/go-park-mail-ru/2022_1_VVT-i-2.0/internal/app/address/mock/AddressRepository.go:21.74,23.2 1 0
github.com/go-park-mail-ru/2022_1_VVT-i-2.0/internal/app/address/mock/AddressRepository.go:25.100,27.2 1 0
github.com/go-park-mail-ru/2022_1_VVT-i-2.0/internal/app/address/mock/AddressRepository.go:29.96,31.2 1 0
github.com/go-park-mail-ru/2022_1_VVT-i-2.0/internal/app/address/mock/AddressRepository.go:37.116,39.2 1 0
github.com/go-park-mail-ru/2022_1_VVT-i-2.0/internal/app/address/mock/AddressRepository.go:41.112,43.2 1 0
github.com/go-park-mail-ru/2022_1_VVT-i-2.0/internal/app/address/mock/AddressRepository.go:45.77,47.2 1 0
github.com/go-park-mail-ru/2022_1_VVT-i-2.0/internal/app/address/mock/AddressRepository.go:49.103,51.2 1 0
github.com/go-park-mail-ru/2022_1_VVT-i-2.0/internal/app/address/mock/AddressRepository.go:53.99,55.2 1 0
github.com/go-park-mail-ru/2022_1_VVT-i-2.0/internal/app/address/mock/AddressRepository.go:61.117,63.2 1 0
github.com/go-park-mail-ru/2022_1_VVT-i-2.0/internal/app/address/mock/AddressRepository.go:65.104,67.2 1 0
github.com/go-park-mail-ru/2022_1_VVT-i-2.0/internal/app/address/mock/AddressRepository.go:69.121,71.2 1 0
github.com/go-park-mail-ru/2022_1_VVT-i-2.0/internal/app/address/mock/AddressRepository.go:73.82,75.2 1 0
github.com/go-park-mail-ru/2022_1_VVT-i-2.0/internal/app/address/mock/AddressRepository.go:77.108,79.2 1 0
github.com/go-park-mail-ru/2022_1_VVT-i-2.0/internal/app/address/mock/AddressRepository.go:85.120,87.2 1 0
github.com/go-park-mail-ru/2022_1_VVT-i-2.0/internal/app/address/mock/AddressRepository.go:89.107,91.2 1 0
github.com/go-park-mail-ru/2022_1_VVT-i-2.0/internal/app/address/mock/AddressRepository.go:93.124,95.2 1 0
github.com/go-park-mail-ru/2022_1_VVT-i-2.0/internal/app/address/mock/AddressRepository.go:97.85,99.2 1 0
github.com/go-park-mail-ru/2022_1_VVT-i-2.0/internal/app/address/mock/AddressRepository.go:101.111,103.2 1 0
github.com/go-park-mail-ru/2022_1_VVT-i-2.0/internal/app/address/mock/SuggestUseCase.go:13.91,15.2 1 1
github.com/go-park-mail-ru/2022_1_VVT-i-2.0/internal/app/address/mock/SuggestUseCase.go:21.94,23.2 1 1
github.com/go-park-mail-ru/2022_1_VVT-i-2.0/internal/app/address/repository/repository.go:20.41,22.2 1 0
github.com/go-park-mail-ru/2022_1_VVT-i-2.0/internal/app/address/repository/repository.go:37.113,47.13 3 0
github.com/go-park-mail-ru/2022_1_VVT-i-2.0/internal/app/address/repository/repository.go:48.11,49.22 1 0
github.com/go-park-mail-ru/2022_1_VVT-i-2.0/internal/app/address/repository/repository.go:52.3,53.74 2 0
github.com/go-park-mail-ru/2022_1_VVT-i-2.0/internal/app/address/repository/repository.go:56.3,56.71 1 0
github.com/go-park-mail-ru/2022_1_VVT-i-2.0/internal/app/address/repository/repository.go:57.21,58.80 1 0
github.com/go-park-mail-ru/2022_1_VVT-i-2.0/internal/app/address/repository/repository.go:59.10,60.68 1 0
github.com/go-park-mail-ru/2022_1_VVT-i-2.0/internal/app/address/repository/repository.go:49.22,51.4 1 0
github.com/go-park-mail-ru/2022_1_VVT-i-2.0/internal/app/address/repository/repository.go:53.74,55.4 1 0
github.com/go-park-mail-ru/2022_1_VVT-i-2.0/internal/app/address/repository/repository.go:64.110,71.13 3 0
github.com/go-park-mail-ru/2022_1_VVT-i-2.0/internal/app/address/repository/repository.go:72.11,73.22 1 0
github.com/go-park-mail-ru/2022_1_VVT-i-2.0/internal/app/address/repository/repository.go:76.3,77.74 2 0
github.com/go-park-mail-ru/2022_1_VVT-i-2.0/internal/app/address/repository/repository.go:80.3,80.69 1 0
github.com/go-park-mail-ru/2022_1_VVT-i-2.0/internal/app/address/repository/repository.go:81.21,82.80 1 0
github.com/go-park-mail-ru/2022_1_VVT-i-2.0/internal/app/address/repository/repository.go:83.10,84.68 1 0
github.com/go-park-mail-ru/2022_1_VVT-i-2.0/internal/app/address/repository/repository.go:73.22,75.4 1 0
github.com/go-park-mail-ru/2022_1_VVT-i-2.0/internal/app/address/repository/repository.go:77.74,79.4 1 0
github.com/go-park-mail-ru/2022_1_VVT-i-2.0/internal/app/address/repository/repository.go:88.74,89.45 1 0
github.com/go-park-mail-ru/2022_1_VVT-i-2.0/internal/app/address/repository/repository.go:92.2,92.70 1 0
github.com/go-park-mail-ru/2022_1_VVT-i-2.0/internal/app/address/repository/repository.go:89.45,91.3 1 0
github.com/go-park-mail-ru/2022_1_VVT-i-2.0/internal/app/address/repository/repository.go:95.100,98.13 3 0
github.com/go-park-mail-ru/2022_1_VVT-i-2.0/internal/app/address/repository/repository.go:99.11,100.25 1 0
github.com/go-park-mail-ru/2022_1_VVT-i-2.0/internal/app/address/repository/repository.go:101.21,102.80 1 0
github.com/go-park-mail-ru/2022_1_VVT-i-2.0/internal/app/address/repository/repository.go:103.10,104.68 1 0
github.com/go-park-mail-ru/2022_1_VVT-i-2.0/internal/app/address/repository/repository.go:108.96,111.13 3 0
github.com/go-park-mail-ru/2022_1_VVT-i-2.0/internal/app/address/repository/repository.go:112.11,113.24 1 0
github.com/go-park-mail-ru/2022_1_VVT-i-2.0/internal/app/address/repository/repository.go:114.21,115.80 1 0
github.com/go-park-mail-ru/2022_1_VVT-i-2.0/internal/app/address/repository/repository.go:116.10,117.68 1 0
github.com/go-park-mail-ru/2022_1_VVT-i-2.0/internal/app/address/usecase/usecase.go:20.52,25.2 1 1
github.com/go-park-mail-ru/2022_1_VVT-i-2.0/internal/app/address/usecase/usecase.go:46.60,49.27 3 1
github.com/go-park-mail-ru/2022_1_VVT-i-2.0/internal/app/address/usecase/usecase.go:52.2,52.28 1 1
github.com/go-park-mail-ru/2022_1_VVT-i-2.0/internal/app/address/usecase/usecase.go:49.27,51.3 1 1
github.com/go-park-mail-ru/2022_1_VVT-i-2.0/internal/app/address/usecase/usecase.go:53.9,56.4 1 1
github.com/go-park-mail-ru/2022_1_VVT-i-2.0/internal/app/address/usecase/usecase.go:57.9,62.4 1 1
github.com/go-park-mail-ru/2022_1_VVT-i-2.0/internal/app/address/usecase/usecase.go:70.10,76.4 1 1
github.com/go-park-mail-ru/2022_1_VVT-i-2.0/internal/app/address/usecase/usecase.go:80.69,82.2 1 1
github.com/go-park-mail-ru/2022_1_VVT-i-2.0/internal/app/address/usecase/usecase.go:84.87,86.16 2 1
github.com/go-park-mail-ru/2022_1_VVT-i-2.0/internal/app/address/usecase/usecase.go:101.2,104.58 3 1
github.com/go-park-mail-ru/2022_1_VVT-i-2.0/internal/app/address/usecase/usecase.go:120.2,120.18 1 1
github.com/go-park-mail-ru/2022_1_VVT-i-2.0/internal/app/address/usecase/usecase.go:123.2,124.44 2 1
github.com/go-park-mail-ru/2022_1_VVT-i-2.0/internal/app/address/usecase/usecase.go:127.2,127.24 1 1
github.com/go-park-mail-ru/2022_1_VVT-i-2.0/internal/app/address/usecase/usecase.go:86.16,88.10 2 1
github.com/go-park-mail-ru/2022_1_VVT-i-2.0/internal/app/address/usecase/usecase.go:89.21,90.4 1 0
github.com/go-park-mail-ru/2022_1_VVT-i-2.0/internal/app/address/usecase/usecase.go:93.54,94.4 1 1
github.com/go-park-mail-ru/2022_1_VVT-i-2.0/internal/app/address/usecase/usecase.go:97.11,98.62 1 0
github.com/go-park-mail-ru/2022_1_VVT-i-2.0/internal/app/address/usecase/usecase.go:90.4,92.5 1 0
github.com/go-park-mail-ru/2022_1_VVT-i-2.0/internal/app/address/usecase/usecase.go:94.4,96.5 1 1
github.com/go-park-mail-ru/2022_1_VVT-i-2.0/internal/app/address/usecase/usecase.go:104.58,108.35 3 1
github.com/go-park-mail-ru/2022_1_VVT-i-2.0/internal/app/address/usecase/usecase.go:112.3,113.50 2 0
github.com/go-park-mail-ru/2022_1_VVT-i-2.0/internal/app/address/usecase/usecase.go:118.3,118.13 1 0
github.com/go-park-mail-ru/2022_1_VVT-i-2.0/internal/app/address/usecase/usecase.go:108.35,109.9 1 1
github.com/go-park-mail-ru/2022_1_VVT-i-2.0/internal/app/address/usecase/usecase.go:113.50,114.51 1 0
github.com/go-park-mail-ru/2022_1_VVT-i-2.0/internal/app/address/usecase/usecase.go:114.51,116.5 1 0
github.com/go-park-mail-ru/2022_1_VVT-i-2.0/internal/app/address/usecase/usecase.go:120.18,122.3 1 0
github.com/go-park-mail-ru/2022_1_VVT-i-2.0/internal/app/address/usecase/usecase.go:124.44,126.3 1 1
github.com/go-park-mail-ru/2022_1_VVT-i-2.0/internal/app/address/usecase/usecase.go:130.86,132.16 2 1
github.com/go-park-mail-ru/2022_1_VVT-i-2.0/internal/app/address/usecase/usecase.go:147.2,148.16 2 1
github.com/go-park-mail-ru/2022_1_VVT-i-2.0/internal/app/address/usecase/usecase.go:164.2,165.53 2 1
github.com/go-park-mail-ru/2022_1_VVT-i-2.0/internal/app/address/usecase/usecase.go:169.2,171.58 3 1
github.com/go-park-mail-ru/2022_1_VVT-i-2.0/internal/app/address/usecase/usecase.go:183.2,183.18 1 1
github.com/go-park-mail-ru/2022_1_VVT-i-2.0/internal/app/address/usecase/usecase.go:186.2,187.44 2 1
github.com/go-park-mail-ru/2022_1_VVT-i-2.0/internal/app/address/usecase/usecase.go:190.2,191.24 2 1
github.com/go-park-mail-ru/2022_1_VVT-i-2.0/internal/app/address/usecase/usecase.go:132.16,134.10 2 0
github.com/go-park-mail-ru/2022_1_VVT-i-2.0/internal/app/address/usecase/usecase.go:135.21,136.4 1 0
github.com/go-park-mail-ru/2022_1_VVT-i-2.0/internal/app/address/usecase/usecase.go:139.54,140.4 1 0
github.com/go-park-mail-ru/2022_1_VVT-i-2.0/internal/app/address/usecase/usecase.go:143.11,144.62 1 0
github.com/go-park-mail-ru/2022_1_VVT-i-2.0/internal/app/address/usecase/usecase.go:136.4,138.5 1 0
github.com/go-park-mail-ru/2022_1_VVT-i-2.0/internal/app/address/usecase/usecase.go:140.4,142.5 1 0
github.com/go-park-mail-ru/2022_1_VVT-i-2.0/internal/app/address/usecase/usecase.go:148.16,150.10 2 0
github.com/go-park-mail-ru/2022_1_VVT-i-2.0/internal/app/address/usecase/usecase.go:151.21,152.4 1 0
github.com/go-park-mail-ru/2022_1_VVT-i-2.0/internal/app/address/usecase/usecase.go:155.54,156.4 1 0
github.com/go-park-mail-ru/2022_1_VVT-i-2.0/internal/app/address/usecase/usecase.go:159.11,160.64 1 0
github.com/go-park-mail-ru/2022_1_VVT-i-2.0/internal/app/address/usecase/usecase.go:152.4,154.5 1 0
github.com/go-park-mail-ru/2022_1_VVT-i-2.0/internal/app/address/usecase/usecase.go:156.4,158.5 1 0
github.com/go-park-mail-ru/2022_1_VVT-i-2.0/internal/app/address/usecase/usecase.go:165.53,167.3 1 1
github.com/go-park-mail-ru/2022_1_VVT-i-2.0/internal/app/address/usecase/usecase.go:171.58,176.34 3 1
github.com/go-park-mail-ru/2022_1_VVT-i-2.0/internal/app/address/usecase/usecase.go:180.3,180.92 1 1
github.com/go-park-mail-ru/2022_1_VVT-i-2.0/internal/app/address/usecase/usecase.go:176.34,177.9 1 1
github.com/go-park-mail-ru/2022_1_VVT-i-2.0/internal/app/address/usecase/usecase.go:180.93,181.4 0 0
github.com/go-park-mail-ru/2022_1_VVT-i-2.0/internal/app/address/usecase/usecase.go:183.18,185.3 1 1
github.com/go-park-mail-ru/2022_1_VVT-i-2.0/internal/app/address/usecase/usecase.go:187.44,189.3 1 1
github.com/go-park-mail-ru/2022_1_VVT-i-2.0/internal/app/address/usecase/usecase.go:194.96,195.20 1 1
github.com/go-park-mail-ru/2022_1_VVT-i-2.0/internal/app/address/usecase/usecase.go:198.2,199.17 2 1
github.com/go-park-mail-ru/2022_1_VVT-i-2.0/internal/app/address/usecase/usecase.go:202.2,202.25 1 1
github.com/go-park-mail-ru/2022_1_VVT-i-2.0/internal/app/address/usecase/usecase.go:195.20,197.3 1 1
github.com/go-park-mail-ru/2022_1_VVT-i-2.0/internal/app/address/usecase/usecase.go:199.17,201.3 1 0
github.com/go-park-mail-ru/2022_1_VVT-i-2.0/internal/app/address/usecase/usecase.go:203.14,204.3 1 1
github.com/go-park-mail-ru/2022_1_VVT-i-2.0/internal/app/address/usecase/usecase.go:207.13,208.3 1 1
github.com/go-park-mail-ru/2022_1_VVT-i-2.0/internal/app/address/usecase/usecase.go:211.10,212.25 1 1
github.com/go-park-mail-ru/2022_1_VVT-i-2.0/internal/app/address/usecase/usecase.go:204.3,206.4 1 1
github.com/go-park-mail-ru/2022_1_VVT-i-2.0/internal/app/address/usecase/usecase.go:208.3,210.4 1 1
github.com/go-park-mail-ru/2022_1_VVT-i-2.0/internal/app/address/delivery/http/handler.go:19.54,23.2 1 0
github.com/go-park-mail-ru/2022_1_VVT-i-2.0/internal/app/address/delivery/http/handler.go:25.55,30.64 5 0
github.com/go-park-mail-ru/2022_1_VVT-i-2.0/internal/app/address/delivery/http/handler.go:34.2,36.16 2 0
github.com/go-park-mail-ru/2022_1_VVT-i-2.0/internal/app/address/delivery/http/handler.go:41.2,41.118 1 0
github.com/go-park-mail-ru/2022_1_VVT-i-2.0/internal/app/address/delivery/http/handler.go:30.64,32.3 1 0
github.com/go-park-mail-ru/2022_1_VVT-i-2.0/internal/app/address/delivery/http/handler.go:36.16,39.3 2 0
github.com/go-park-mail-ru/2022_1_VVT-i-2.0/internal/app/address/mock/AddressRepository.go:13.113,15.2 1 1
github.com/go-park-mail-ru/2022_1_VVT-i-2.0/internal/app/address/mock/AddressRepository.go:17.109,19.2 1 0
github.com/go-park-mail-ru/2022_1_VVT-i-2.0/internal/app/address/mock/AddressRepository.go:21.74,23.2 1 1
github.com/go-park-mail-ru/2022_1_VVT-i-2.0/internal/app/address/mock/AddressRepository.go:25.100,27.2 1 1
github.com/go-park-mail-ru/2022_1_VVT-i-2.0/internal/app/address/mock/AddressRepository.go:29.96,31.2 1 1
github.com/go-park-mail-ru/2022_1_VVT-i-2.0/internal/app/address/mock/AddressRepository.go:37.116,39.2 1 0
github.com/go-park-mail-ru/2022_1_VVT-i-2.0/internal/app/address/mock/AddressRepository.go:41.112,43.2 1 0
github.com/go-park-mail-ru/2022_1_VVT-i-2.0/internal/app/address/mock/AddressRepository.go:45.77,47.2 1 1
github.com/go-park-mail-ru/2022_1_VVT-i-2.0/internal/app/address/mock/AddressRepository.go:49.103,51.2 1 0
github.com/go-park-mail-ru/2022_1_VVT-i-2.0/internal/app/address/mock/AddressRepository.go:53.99,55.2 1 0
github.com/go-park-mail-ru/2022_1_VVT-i-2.0/internal/app/address/mock/AddressRepository.go:61.117,63.2 1 1
github.com/go-park-mail-ru/2022_1_VVT-i-2.0/internal/app/address/mock/AddressRepository.go:65.104,67.2 1 1
github.com/go-park-mail-ru/2022_1_VVT-i-2.0/internal/app/address/mock/AddressRepository.go:69.121,71.2 1 0
github.com/go-park-mail-ru/2022_1_VVT-i-2.0/internal/app/address/mock/AddressRepository.go:73.82,75.2 1 1
github.com/go-park-mail-ru/2022_1_VVT-i-2.0/internal/app/address/mock/AddressRepository.go:77.108,79.2 1 1
github.com/go-park-mail-ru/2022_1_VVT-i-2.0/internal/app/address/mock/AddressRepository.go:85.120,87.2 1 1
github.com/go-park-mail-ru/2022_1_VVT-i-2.0/internal/app/address/mock/AddressRepository.go:89.107,91.2 1 1
github.com/go-park-mail-ru/2022_1_VVT-i-2.0/internal/app/address/mock/AddressRepository.go:93.124,95.2 1 0
github.com/go-park-mail-ru/2022_1_VVT-i-2.0/internal/app/address/mock/AddressRepository.go:97.85,99.2 1 1
github.com/go-park-mail-ru/2022_1_VVT-i-2.0/internal/app/address/mock/AddressRepository.go:101.111,103.2 1 1
github.com/go-park-mail-ru/2022_1_VVT-i-2.0/internal/app/address/mock/SuggestUseCase.go:13.91,15.2 1 0
github.com/go-park-mail-ru/2022_1_VVT-i-2.0/internal/app/address/mock/SuggestUseCase.go:21.94,23.2 1 0
