mode: set
github.com/go-park-mail-ru/2022_1_VVT-i-2.0/internal/app/order/delivery/http/handler.go:23.96,28.2 1 1
github.com/go-park-mail-ru/2022_1_VVT-i-2.0/internal/app/order/delivery/http/handler.go:30.59,32.17 2 1
github.com/go-park-mail-ru/2022_1_VVT-i-2.0/internal/app/order/delivery/http/handler.go:35.2,39.44 4 1
github.com/go-park-mail-ru/2022_1_VVT-i-2.0/internal/app/order/delivery/http/handler.go:42.2,42.64 1 1
github.com/go-park-mail-ru/2022_1_VVT-i-2.0/internal/app/order/delivery/http/handler.go:46.2,51.16 2 1
github.com/go-park-mail-ru/2022_1_VVT-i-2.0/internal/app/order/delivery/http/handler.go:65.2,65.79 1 1
github.com/go-park-mail-ru/2022_1_VVT-i-2.0/internal/app/order/delivery/http/handler.go:32.17,34.3 1 0
github.com/go-park-mail-ru/2022_1_VVT-i-2.0/internal/app/order/delivery/http/handler.go:39.44,41.3 1 0
github.com/go-park-mail-ru/2022_1_VVT-i-2.0/internal/app/order/delivery/http/handler.go:42.64,44.3 1 0
github.com/go-park-mail-ru/2022_1_VVT-i-2.0/internal/app/order/delivery/http/handler.go:51.16,53.19 2 1
github.com/go-park-mail-ru/2022_1_VVT-i-2.0/internal/app/order/delivery/http/handler.go:57.3,57.21 1 1
github.com/go-park-mail-ru/2022_1_VVT-i-2.0/internal/app/order/delivery/http/handler.go:53.19,56.4 2 0
github.com/go-park-mail-ru/2022_1_VVT-i-2.0/internal/app/order/delivery/http/handler.go:58.29,59.91 1 0
github.com/go-park-mail-ru/2022_1_VVT-i-2.0/internal/app/order/delivery/http/handler.go:60.11,62.100 2 1
github.com/go-park-mail-ru/2022_1_VVT-i-2.0/internal/app/order/delivery/http/handler.go:68.61,70.17 2 1
github.com/go-park-mail-ru/2022_1_VVT-i-2.0/internal/app/order/delivery/http/handler.go:73.2,77.16 4 1
github.com/go-park-mail-ru/2022_1_VVT-i-2.0/internal/app/order/delivery/http/handler.go:86.2,87.38 2 1
github.com/go-park-mail-ru/2022_1_VVT-i-2.0/internal/app/order/delivery/http/handler.go:90.2,92.44 3 1
github.com/go-park-mail-ru/2022_1_VVT-i-2.0/internal/app/order/delivery/http/handler.go:70.17,72.3 1 0
github.com/go-park-mail-ru/2022_1_VVT-i-2.0/internal/app/order/delivery/http/handler.go:77.16,79.68 2 1
github.com/go-park-mail-ru/2022_1_VVT-i-2.0/internal/app/order/delivery/http/handler.go:82.3,83.99 2 1
github.com/go-park-mail-ru/2022_1_VVT-i-2.0/internal/app/order/delivery/http/handler.go:79.68,81.4 1 0
github.com/go-park-mail-ru/2022_1_VVT-i-2.0/internal/app/order/delivery/http/handler.go:87.38,89.3 1 1
github.com/go-park-mail-ru/2022_1_VVT-i-2.0/internal/app/order/delivery/http/handler.go:95.68,97.17 2 1
github.com/go-park-mail-ru/2022_1_VVT-i-2.0/internal/app/order/delivery/http/handler.go:100.2,104.16 4 1
github.com/go-park-mail-ru/2022_1_VVT-i-2.0/internal/app/order/delivery/http/handler.go:113.2,114.52 2 1
github.com/go-park-mail-ru/2022_1_VVT-i-2.0/internal/app/order/delivery/http/handler.go:117.2,119.44 3 1
github.com/go-park-mail-ru/2022_1_VVT-i-2.0/internal/app/order/delivery/http/handler.go:97.17,99.3 1 0
github.com/go-park-mail-ru/2022_1_VVT-i-2.0/internal/app/order/delivery/http/handler.go:104.16,106.68 2 1
github.com/go-park-mail-ru/2022_1_VVT-i-2.0/internal/app/order/delivery/http/handler.go:109.3,110.99 2 1
github.com/go-park-mail-ru/2022_1_VVT-i-2.0/internal/app/order/delivery/http/handler.go:106.68,108.4 1 0
github.com/go-park-mail-ru/2022_1_VVT-i-2.0/internal/app/order/delivery/http/handler.go:114.52,116.3 1 1
github.com/go-park-mail-ru/2022_1_VVT-i-2.0/internal/app/order/delivery/http/handler.go:122.60,124.17 2 1
github.com/go-park-mail-ru/2022_1_VVT-i-2.0/internal/app/order/delivery/http/handler.go:127.2,131.16 4 1
github.com/go-park-mail-ru/2022_1_VVT-i-2.0/internal/app/order/delivery/http/handler.go:135.2,136.16 2 1
github.com/go-park-mail-ru/2022_1_VVT-i-2.0/internal/app/order/delivery/http/handler.go:148.2,157.44 2 1
github.com/go-park-mail-ru/2022_1_VVT-i-2.0/internal/app/order/delivery/http/handler.go:161.2,163.44 3 1
github.com/go-park-mail-ru/2022_1_VVT-i-2.0/internal/app/order/delivery/http/handler.go:124.17,126.3 1 0
github.com/go-park-mail-ru/2022_1_VVT-i-2.0/internal/app/order/delivery/http/handler.go:131.16,133.3 1 0
github.com/go-park-mail-ru/2022_1_VVT-i-2.0/internal/app/order/delivery/http/handler.go:136.16,138.78 2 1
github.com/go-park-mail-ru/2022_1_VVT-i-2.0/internal/app/order/delivery/http/handler.go:142.3,142.68 1 1
github.com/go-park-mail-ru/2022_1_VVT-i-2.0/internal/app/order/delivery/http/handler.go:145.3,146.99 2 1
github.com/go-park-mail-ru/2022_1_VVT-i-2.0/internal/app/order/delivery/http/handler.go:138.78,140.4 1 0
github.com/go-park-mail-ru/2022_1_VVT-i-2.0/internal/app/order/delivery/http/handler.go:142.68,144.4 1 0
github.com/go-park-mail-ru/2022_1_VVT-i-2.0/internal/app/order/delivery/http/handler.go:157.44,160.3 2 1
