mode: set
github.com/go-park-mail-ru/2022_1_VVT-i-2.0/internal/microservices/order/repository/repository.go:20.43,22.2 1 1
github.com/go-park-mail-ru/2022_1_VVT-i-2.0/internal/microservices/order/repository/repository.go:24.65,29.41 3 1
github.com/go-park-mail-ru/2022_1_VVT-i-2.0/internal/microservices/order/repository/repository.go:37.2,42.14 6 1
github.com/go-park-mail-ru/2022_1_VVT-i-2.0/internal/microservices/order/repository/repository.go:29.41,36.3 6 1
github.com/go-park-mail-ru/2022_1_VVT-i-2.0/internal/microservices/order/repository/repository.go:45.66,48.38 3 1
github.com/go-park-mail-ru/2022_1_VVT-i-2.0/internal/microservices/order/repository/repository.go:51.2,51.13 1 1
github.com/go-park-mail-ru/2022_1_VVT-i-2.0/internal/microservices/order/repository/repository.go:48.38,50.3 1 1
github.com/go-park-mail-ru/2022_1_VVT-i-2.0/internal/microservices/order/repository/repository.go:54.104,60.16 4 1
github.com/go-park-mail-ru/2022_1_VVT-i-2.0/internal/microservices/order/repository/repository.go:66.2,66.21 1 1
github.com/go-park-mail-ru/2022_1_VVT-i-2.0/internal/microservices/order/repository/repository.go:69.2,69.62 1 1
github.com/go-park-mail-ru/2022_1_VVT-i-2.0/internal/microservices/order/repository/repository.go:60.16,61.53 1 0
github.com/go-park-mail-ru/2022_1_VVT-i-2.0/internal/microservices/order/repository/repository.go:64.3,64.69 1 0
github.com/go-park-mail-ru/2022_1_VVT-i-2.0/internal/microservices/order/repository/repository.go:61.53,63.4 1 0
github.com/go-park-mail-ru/2022_1_VVT-i-2.0/internal/microservices/order/repository/repository.go:66.21,68.3 1 0
github.com/go-park-mail-ru/2022_1_VVT-i-2.0/internal/microservices/order/repository/repository.go:72.109,77.31 4 1
github.com/go-park-mail-ru/2022_1_VVT-i-2.0/internal/microservices/order/repository/repository.go:80.2,80.13 1 1
github.com/go-park-mail-ru/2022_1_VVT-i-2.0/internal/microservices/order/repository/repository.go:77.31,79.3 1 1
github.com/go-park-mail-ru/2022_1_VVT-i-2.0/internal/microservices/order/repository/repository.go:81.11,82.64 1 1
github.com/go-park-mail-ru/2022_1_VVT-i-2.0/internal/microservices/order/repository/repository.go:83.21,84.80 1 0
github.com/go-park-mail-ru/2022_1_VVT-i-2.0/internal/microservices/order/repository/repository.go:85.10,86.68 1 0
github.com/go-park-mail-ru/2022_1_VVT-i-2.0/internal/microservices/order/repository/repository.go:90.130,95.38 4 1
github.com/go-park-mail-ru/2022_1_VVT-i-2.0/internal/microservices/order/repository/repository.go:98.2,98.13 1 1
github.com/go-park-mail-ru/2022_1_VVT-i-2.0/internal/microservices/order/repository/repository.go:95.38,97.3 1 1
github.com/go-park-mail-ru/2022_1_VVT-i-2.0/internal/microservices/order/repository/repository.go:99.11,100.78 1 1
github.com/go-park-mail-ru/2022_1_VVT-i-2.0/internal/microservices/order/repository/repository.go:101.21,102.80 1 0
github.com/go-park-mail-ru/2022_1_VVT-i-2.0/internal/microservices/order/repository/repository.go:103.10,104.68 1 0
github.com/go-park-mail-ru/2022_1_VVT-i-2.0/internal/microservices/order/repository/repository.go:108.105,112.16 4 1
github.com/go-park-mail-ru/2022_1_VVT-i-2.0/internal/microservices/order/repository/repository.go:121.2,121.13 1 1
github.com/go-park-mail-ru/2022_1_VVT-i-2.0/internal/microservices/order/repository/repository.go:112.16,114.17 2 1
github.com/go-park-mail-ru/2022_1_VVT-i-2.0/internal/microservices/order/repository/repository.go:114.17,116.29 2 1
github.com/go-park-mail-ru/2022_1_VVT-i-2.0/internal/microservices/order/repository/repository.go:116.29,118.5 1 1
github.com/go-park-mail-ru/2022_1_VVT-i-2.0/internal/microservices/order/repository/repository.go:122.11,123.20 1 1
github.com/go-park-mail-ru/2022_1_VVT-i-2.0/internal/microservices/order/repository/repository.go:124.21,125.80 1 0
github.com/go-park-mail-ru/2022_1_VVT-i-2.0/internal/microservices/order/repository/repository.go:126.10,127.68 1 0
