mode: set
github.com/go-park-mail-ru/2022_1_VVT-i-2.0/internal/app/user/repository/repository.go:15.41,17.2 1 0
github.com/go-park-mail-ru/2022_1_VVT-i-2.0/internal/app/user/repository/repository.go:19.80,23.13 3 1
github.com/go-park-mail-ru/2022_1_VVT-i-2.0/internal/app/user/repository/repository.go:24.11,25.19 1 1
github.com/go-park-mail-ru/2022_1_VVT-i-2.0/internal/app/user/repository/repository.go:26.21,27.80 1 1
github.com/go-park-mail-ru/2022_1_VVT-i-2.0/internal/app/user/repository/repository.go:28.10,29.68 1 1
github.com/go-park-mail-ru/2022_1_VVT-i-2.0/internal/app/user/repository/repository.go:33.96,37.9 3 1
github.com/go-park-mail-ru/2022_1_VVT-i-2.0/internal/app/user/repository/repository.go:56.2,56.16 1 1
github.com/go-park-mail-ru/2022_1_VVT-i-2.0/internal/app/user/repository/repository.go:65.2,65.18 1 1
github.com/go-park-mail-ru/2022_1_VVT-i-2.0/internal/app/user/repository/repository.go:38.73,39.182 1 1
github.com/go-park-mail-ru/2022_1_VVT-i-2.0/internal/app/user/repository/repository.go:40.73,41.132 1 0
github.com/go-park-mail-ru/2022_1_VVT-i-2.0/internal/app/user/repository/repository.go:42.73,43.130 1 0
github.com/go-park-mail-ru/2022_1_VVT-i-2.0/internal/app/user/repository/repository.go:44.73,45.134 1 0
github.com/go-park-mail-ru/2022_1_VVT-i-2.0/internal/app/user/repository/repository.go:46.73,47.155 1 0
github.com/go-park-mail-ru/2022_1_VVT-i-2.0/internal/app/user/repository/repository.go:48.73,49.159 1 0
github.com/go-park-mail-ru/2022_1_VVT-i-2.0/internal/app/user/repository/repository.go:50.73,51.157 1 0
github.com/go-park-mail-ru/2022_1_VVT-i-2.0/internal/app/user/repository/repository.go:52.10,53.18 1 0
github.com/go-park-mail-ru/2022_1_VVT-i-2.0/internal/app/user/repository/repository.go:56.16,57.53 1 1
github.com/go-park-mail-ru/2022_1_VVT-i-2.0/internal/app/user/repository/repository.go:60.3,60.27 1 1
github.com/go-park-mail-ru/2022_1_VVT-i-2.0/internal/app/user/repository/repository.go:63.3,63.69 1 1
github.com/go-park-mail-ru/2022_1_VVT-i-2.0/internal/app/user/repository/repository.go:57.53,59.4 1 0
github.com/go-park-mail-ru/2022_1_VVT-i-2.0/internal/app/user/repository/repository.go:60.27,62.4 1 1
